C:\GSL\SRC\GSL\1.8\GSL-1.8\VC8\LIBGSL\X64\DEBUG-DLL\GAUSS.OBJ
C:\GSL\SRC\GSL\1.8\GSL-1.8\VC8\LIBGSL\X64\DEBUG-DLL\GAMMAINV.OBJ
C:\GSL\SRC\GSL\1.8\GSL-1.8\VC8\LIBGSL\X64\DEBUG-DLL\GAMMA.OBJ
C:\GSL\SRC\GSL\1.8\GSL-1.8\VC8\LIBGSL\X64\DEBUG-DLL\FLATINV.OBJ
C:\GSL\SRC\GSL\1.8\GSL-1.8\VC8\LIBGSL\X64\DEBUG-DLL\FLAT.OBJ
C:\GSL\SRC\GSL\1.8\GSL-1.8\VC8\LIBGSL\X64\DEBUG-DLL\FDISTINV.OBJ
C:\GSL\SRC\GSL\1.8\GSL-1.8\VC8\LIBGSL\X64\DEBUG-DLL\FDIST.OBJ
C:\GSL\SRC\GSL\1.8\GSL-1.8\VC8\LIBGSL\X64\DEBUG-DLL\EXPPOW.OBJ
C:\GSL\SRC\GSL\1.8\GSL-1.8\VC8\LIBGSL\X64\DEBUG-DLL\EXPONENTIALINV.OBJ
C:\GSL\SRC\GSL\1.8\GSL-1.8\VC8\LIBGSL\X64\DEBUG-DLL\EXPONENTIAL.OBJ
C:\GSL\SRC\GSL\1.8\GSL-1.8\VC8\LIBGSL\X64\DEBUG-DLL\CHISQINV.OBJ
C:\GSL\SRC\GSL\1.8\GSL-1.8\VC8\LIBGSL\X64\DEBUG-DLL\CHISQ.OBJ
C:\GSL\SRC\GSL\1.8\GSL-1.8\VC8\LIBGSL\X64\DEBUG-DLL\CAUCHYINV.OBJ
C:\GSL\SRC\GSL\1.8\GSL-1.8\VC8\LIBGSL\X64\DEBUG-DLL\CAUCHY.OBJ
C:\GSL\SRC\GSL\1.8\GSL-1.8\VC8\LIBGSL\X64\DEBUG-DLL\BETAINV.OBJ
C:\GSL\SRC\GSL\1.8\GSL-1.8\VC8\LIBGSL\X64\DEBUG-DLL\BETA.OBJ
C:\GSL\SRC\GSL\1.8\GSL-1.8\VC8\LIBGSL\X64\DEBUG-DLL\INIT.OBJ
C:\GSL\SRC\GSL\1.8\GSL-1.8\VC8\LIBGSL\X64\DEBUG-DLL\FILE.OBJ
C:\GSL\SRC\GSL\1.8\GSL-1.8\VC8\LIBGSL\X64\DEBUG-DLL\BLOCK.OBJ
C:\GSL\SRC\GSL\1.8\GSL-1.8\VC8\LIBGSL\X64\DEBUG-DLL\BLAS.OBJ
C:\GSL\SRC\GSL\1.8\GSL-1.8\VC8\LIBGSL\X64\DEBUG-DLL\WEIBULLINV.OBJ
C:\GSL\SRC\GSL\1.8\GSL-1.8\VC8\LIBGSL\X64\DEBUG-DLL\WEIBULL.OBJ
C:\GSL\SRC\GSL\1.8\GSL-1.8\VC8\LIBGSL\X64\DEBUG-DLL\TDISTINV.OBJ
C:\GSL\SRC\GSL\1.8\GSL-1.8\VC8\LIBGSL\X64\DEBUG-DLL\TDIST.OBJ
C:\GSL\SRC\GSL\1.8\GSL-1.8\VC8\LIBGSL\X64\DEBUG-DLL\RAYLEIGHINV.OBJ
C:\GSL\SRC\GSL\1.8\GSL-1.8\VC8\LIBGSL\X64\DEBUG-DLL\RAYLEIGH.OBJ
C:\GSL\SRC\GSL\1.8\GSL-1.8\VC8\LIBGSL\X64\DEBUG-DLL\PARETOINV.OBJ
C:\GSL\SRC\GSL\1.8\GSL-1.8\VC8\LIBGSL\X64\DEBUG-DLL\PARETO.OBJ
C:\GSL\SRC\GSL\1.8\GSL-1.8\VC8\LIBGSL\X64\DEBUG-DLL\LOGNORMALINV.OBJ
C:\GSL\SRC\GSL\1.8\GSL-1.8\VC8\LIBGSL\X64\DEBUG-DLL\LOGNORMAL.OBJ
C:\GSL\SRC\GSL\1.8\GSL-1.8\VC8\LIBGSL\X64\DEBUG-DLL\LOGISTICINV.OBJ
C:\GSL\SRC\GSL\1.8\GSL-1.8\VC8\LIBGSL\X64\DEBUG-DLL\LOGISTIC.OBJ
C:\GSL\SRC\GSL\1.8\GSL-1.8\VC8\LIBGSL\X64\DEBUG-DLL\LAPLACEINV.OBJ
C:\GSL\SRC\GSL\1.8\GSL-1.8\VC8\LIBGSL\X64\DEBUG-DLL\LAPLACE.OBJ
C:\GSL\SRC\GSL\1.8\GSL-1.8\VC8\LIBGSL\X64\DEBUG-DLL\HYPERGEOMETRIC.OBJ
C:\GSL\SRC\GSL\1.8\GSL-1.8\VC8\LIBGSL\X64\DEBUG-DLL\GUMBEL2INV.OBJ
C:\GSL\SRC\GSL\1.8\GSL-1.8\VC8\LIBGSL\X64\DEBUG-DLL\GUMBEL2.OBJ
C:\GSL\SRC\GSL\1.8\GSL-1.8\VC8\LIBGSL\X64\DEBUG-DLL\GUMBEL1INV.OBJ
C:\GSL\SRC\GSL\1.8\GSL-1.8\VC8\LIBGSL\X64\DEBUG-DLL\GUMBEL1.OBJ
C:\GSL\SRC\GSL\1.8\GSL-1.8\VC8\LIBGSL\X64\DEBUG-DLL\GAUSSINV.OBJ
C:\GSL\SRC\GSL\1.8\GSL-1.8\VC8\LIBGSL\X64\DEBUG-DLL\LINEAR.OBJ
C:\GSL\SRC\GSL\1.8\GSL-1.8\VC8\LIBGSL\X64\DEBUG-DLL\FFT.OBJ
C:\GSL\SRC\GSL\1.8\GSL-1.8\VC8\LIBGSL\X64\DEBUG-DLL\DFT.OBJ
C:\GSL\SRC\GSL\1.8\GSL-1.8\VC8\LIBGSL\X64\DEBUG-DLL\STRERROR.OBJ
C:\GSL\SRC\GSL\1.8\GSL-1.8\VC8\LIBGSL\X64\DEBUG-DLL\STREAM.OBJ
C:\GSL\SRC\GSL\1.8\GSL-1.8\VC8\LIBGSL\X64\DEBUG-DLL\MESSAGE.OBJ
C:\GSL\SRC\GSL\1.8\GSL-1.8\VC8\LIBGSL\X64\DEBUG-DLL\ERROR.OBJ
C:\GSL\SRC\GSL\1.8\GSL-1.8\VC8\LIBGSL\X64\DEBUG-DLL\SYMMV.OBJ
C:\GSL\SRC\GSL\1.8\GSL-1.8\VC8\LIBGSL\X64\DEBUG-DLL\SYMM.OBJ
C:\GSL\SRC\GSL\1.8\GSL-1.8\VC8\LIBGSL\X64\DEBUG-DLL\SORT.OBJ
C:\GSL\SRC\GSL\1.8\GSL-1.8\VC8\LIBGSL\X64\DEBUG-DLL\JACOBI.OBJ
C:\GSL\SRC\GSL\1.8\GSL-1.8\VC8\LIBGSL\X64\DEBUG-DLL\HERMV.OBJ
C:\GSL\SRC\GSL\1.8\GSL-1.8\VC8\LIBGSL\X64\DEBUG-DLL\HERM.OBJ
C:\GSL\SRC\GSL\1.8\GSL-1.8\VC8\LIBGSL\X64\DEBUG-DLL\DIFF.OBJ
C:\GSL\SRC\GSL\1.8\GSL-1.8\VC8\LIBGSL\X64\DEBUG-DLL\DHT.OBJ
C:\GSL\SRC\GSL\1.8\GSL-1.8\VC8\LIBGSL\X64\DEBUG-DLL\MATH.OBJ
C:\GSL\SRC\GSL\1.8\GSL-1.8\VC8\LIBGSL\X64\DEBUG-DLL\COMBINATION.OBJ
C:\GSL\SRC\GSL\1.8\GSL-1.8\VC8\LIBGSL\X64\DEBUG-DLL\INTEG.OBJ
C:\GSL\SRC\GSL\1.8\GSL-1.8\VC8\LIBGSL\X64\DEBUG-DLL\EVAL.OBJ
C:\GSL\SRC\GSL\1.8\GSL-1.8\VC8\LIBGSL\X64\DEBUG-DLL\DERIV.OBJ
C:\GSL\SRC\GSL\1.8\GSL-1.8\VC8\LIBGSL\X64\DEBUG-DLL\RESET2D.OBJ
C:\GSL\SRC\GSL\1.8\GSL-1.8\VC8\LIBGSL\X64\DEBUG-DLL\RESET.OBJ
C:\GSL\SRC\GSL\1.8\GSL-1.8\VC8\LIBGSL\X64\DEBUG-DLL\PDF2D.OBJ
C:\GSL\SRC\GSL\1.8\GSL-1.8\VC8\LIBGSL\X64\DEBUG-DLL\PDF.OBJ
C:\GSL\SRC\GSL\1.8\GSL-1.8\VC8\LIBGSL\X64\DEBUG-DLL\PARAMS2D.OBJ
C:\GSL\SRC\GSL\1.8\GSL-1.8\VC8\LIBGSL\X64\DEBUG-DLL\PARAMS.OBJ
C:\GSL\SRC\GSL\1.8\GSL-1.8\VC8\LIBGSL\X64\DEBUG-DLL\OPER2D.OBJ
C:\GSL\SRC\GSL\1.8\GSL-1.8\VC8\LIBGSL\X64\DEBUG-DLL\OPER.OBJ
C:\GSL\SRC\GSL\1.8\GSL-1.8\VC8\LIBGSL\X64\DEBUG-DLL\MAXVAL2D.OBJ
C:\GSL\SRC\GSL\1.8\GSL-1.8\VC8\LIBGSL\X64\DEBUG-DLL\MAXVAL.OBJ
C:\GSL\SRC\GSL\1.8\GSL-1.8\VC8\LIBGSL\X64\DEBUG-DLL\INIT2D.OBJ
C:\GSL\SRC\GSL\1.8\GSL-1.8\VC8\LIBGSL\X64\DEBUG-DLL\GET2D.OBJ
C:\GSL\SRC\GSL\1.8\GSL-1.8\VC8\LIBGSL\X64\DEBUG-DLL\GET.OBJ
C:\GSL\SRC\GSL\1.8\GSL-1.8\VC8\LIBGSL\X64\DEBUG-DLL\FILE2D.OBJ
C:\GSL\SRC\GSL\1.8\GSL-1.8\VC8\LIBGSL\X64\DEBUG-DLL\COPY2D.OBJ
C:\GSL\SRC\GSL\1.8\GSL-1.8\VC8\LIBGSL\X64\DEBUG-DLL\COPY.OBJ
C:\GSL\SRC\GSL\1.8\GSL-1.8\VC8\LIBGSL\X64\DEBUG-DLL\CALLOC_RANGE2D.OBJ
C:\GSL\SRC\GSL\1.8\GSL-1.8\VC8\LIBGSL\X64\DEBUG-DLL\CALLOC_RANGE.OBJ
C:\GSL\SRC\GSL\1.8\GSL-1.8\VC8\LIBGSL\X64\DEBUG-DLL\ADD2D.OBJ
C:\GSL\SRC\GSL\1.8\GSL-1.8\VC8\LIBGSL\X64\DEBUG-DLL\ADD.OBJ
C:\GSL\SRC\GSL\1.8\GSL-1.8\VC8\LIBGSL\X64\DEBUG-DLL\QK41.OBJ
C:\GSL\SRC\GSL\1.8\GSL-1.8\VC8\LIBGSL\X64\DEBUG-DLL\QK31.OBJ
C:\GSL\SRC\GSL\1.8\GSL-1.8\VC8\LIBGSL\X64\DEBUG-DLL\QK21.OBJ
C:\GSL\SRC\GSL\1.8\GSL-1.8\VC8\LIBGSL\X64\DEBUG-DLL\QK15.OBJ
C:\GSL\SRC\GSL\1.8\GSL-1.8\VC8\LIBGSL\X64\DEBUG-DLL\QK.OBJ
C:\GSL\SRC\GSL\1.8\GSL-1.8\VC8\LIBGSL\X64\DEBUG-DLL\QCHEB.OBJ
C:\GSL\SRC\GSL\1.8\GSL-1.8\VC8\LIBGSL\X64\DEBUG-DLL\QAWS.OBJ
C:\GSL\SRC\GSL\1.8\GSL-1.8\VC8\LIBGSL\X64\DEBUG-DLL\QAWO.OBJ
C:\GSL\SRC\GSL\1.8\GSL-1.8\VC8\LIBGSL\X64\DEBUG-DLL\QAWF.OBJ
C:\GSL\SRC\GSL\1.8\GSL-1.8\VC8\LIBGSL\X64\DEBUG-DLL\QAWC.OBJ
C:\GSL\SRC\GSL\1.8\GSL-1.8\VC8\LIBGSL\X64\DEBUG-DLL\QAGS.OBJ
C:\GSL\SRC\GSL\1.8\GSL-1.8\VC8\LIBGSL\X64\DEBUG-DLL\QAGP.OBJ
C:\GSL\SRC\GSL\1.8\GSL-1.8\VC8\LIBGSL\X64\DEBUG-DLL\QAG.OBJ
C:\GSL\SRC\GSL\1.8\GSL-1.8\VC8\LIBGSL\X64\DEBUG-DLL\READ.OBJ
C:\GSL\SRC\GSL\1.8\GSL-1.8\VC8\LIBGSL\X64\DEBUG-DLL\PRINT.OBJ
C:\GSL\SRC\GSL\1.8\GSL-1.8\VC8\LIBGSL\X64\DEBUG-DLL\MAKE_REP.OBJ
C:\GSL\SRC\GSL\1.8\GSL-1.8\VC8\LIBGSL\X64\DEBUG-DLL\FP.OBJ
C:\GSL\SRC\GSL\1.8\GSL-1.8\VC8\LIBGSL\X64\DEBUG-DLL\ENV.OBJ
C:\GSL\SRC\GSL\1.8\GSL-1.8\VC8\LIBGSL\X64\DEBUG-DLL\STAT2D.OBJ
C:\GSL\SRC\GSL\1.8\GSL-1.8\VC8\LIBGSL\X64\DEBUG-DLL\STAT.OBJ
C:\GSL\SRC\GSL\1.8\GSL-1.8\VC8\LIBGSL\X64\DEBUG-DLL\HOUSEHOLDERCOMPLEX.OBJ
C:\GSL\SRC\GSL\1.8\GSL-1.8\VC8\LIBGSL\X64\DEBUG-DLL\HOUSEHOLDER.OBJ
C:\GSL\SRC\GSL\1.8\GSL-1.8\VC8\LIBGSL\X64\DEBUG-DLL\HH.OBJ
C:\GSL\SRC\GSL\1.8\GSL-1.8\VC8\LIBGSL\X64\DEBUG-DLL\HERMTD.OBJ
C:\GSL\SRC\GSL\1.8\GSL-1.8\VC8\LIBGSL\X64\DEBUG-DLL\CHOLESKY.OBJ
C:\GSL\SRC\GSL\1.8\GSL-1.8\VC8\LIBGSL\X64\DEBUG-DLL\BIDIAG.OBJ
C:\GSL\SRC\GSL\1.8\GSL-1.8\VC8\LIBGSL\X64\DEBUG-DLL\BALANCE.OBJ
C:\GSL\SRC\GSL\1.8\GSL-1.8\VC8\LIBGSL\X64\DEBUG-DLL\SPLINE.OBJ
C:\GSL\SRC\GSL\1.8\GSL-1.8\VC8\LIBGSL\X64\DEBUG-DLL\POLY.OBJ
C:\GSL\SRC\GSL\1.8\GSL-1.8\VC8\LIBGSL\X64\DEBUG-DLL\INTERP.OBJ
C:\GSL\SRC\GSL\1.8\GSL-1.8\VC8\LIBGSL\X64\DEBUG-DLL\CSPLINE.OBJ
C:\GSL\SRC\GSL\1.8\GSL-1.8\VC8\LIBGSL\X64\DEBUG-DLL\BSEARCH.OBJ
C:\GSL\SRC\GSL\1.8\GSL-1.8\VC8\LIBGSL\X64\DEBUG-DLL\AKIMA.OBJ
C:\GSL\SRC\GSL\1.8\GSL-1.8\VC8\LIBGSL\X64\DEBUG-DLL\ACCEL.OBJ
C:\GSL\SRC\GSL\1.8\GSL-1.8\VC8\LIBGSL\X64\DEBUG-DLL\WORKSPACE.OBJ
C:\GSL\SRC\GSL\1.8\GSL-1.8\VC8\LIBGSL\X64\DEBUG-DLL\QNG.OBJ
C:\GSL\SRC\GSL\1.8\GSL-1.8\VC8\LIBGSL\X64\DEBUG-DLL\QMOMOF.OBJ
C:\GSL\SRC\GSL\1.8\GSL-1.8\VC8\LIBGSL\X64\DEBUG-DLL\QMOMO.OBJ
C:\GSL\SRC\GSL\1.8\GSL-1.8\VC8\LIBGSL\X64\DEBUG-DLL\QK61.OBJ
C:\GSL\SRC\GSL\1.8\GSL-1.8\VC8\LIBGSL\X64\DEBUG-DLL\QK51.OBJ
C:\GSL\SRC\GSL\1.8\GSL-1.8\VC8\LIBGSL\X64\DEBUG-DLL\CONVERGENCE.OBJ
C:\GSL\SRC\GSL\1.8\GSL-1.8\VC8\LIBGSL\X64\DEBUG-DLL\BRENT.OBJ
C:\GSL\SRC\GSL\1.8\GSL-1.8\VC8\LIBGSL\X64\DEBUG-DLL\BRACKETING.OBJ
C:\GSL\SRC\GSL\1.8\GSL-1.8\VC8\LIBGSL\X64\DEBUG-DLL\VIEW.OBJ
C:\GSL\SRC\GSL\1.8\GSL-1.8\VC8\LIBGSL\X64\DEBUG-DLL\SWAP.OBJ
C:\GSL\SRC\GSL\1.8\GSL-1.8\VC8\LIBGSL\X64\DEBUG-DLL\SUBMATRIX.OBJ
C:\GSL\SRC\GSL\1.8\GSL-1.8\VC8\LIBGSL\X64\DEBUG-DLL\ROWCOL.OBJ
C:\GSL\SRC\GSL\1.8\GSL-1.8\VC8\LIBGSL\X64\DEBUG-DLL\PROP.OBJ
C:\GSL\SRC\GSL\1.8\GSL-1.8\VC8\LIBGSL\X64\DEBUG-DLL\MATRIX.OBJ
C:\GSL\SRC\GSL\1.8\GSL-1.8\VC8\LIBGSL\X64\DEBUG-DLL\GETSET.OBJ
C:\GSL\SRC\GSL\1.8\GSL-1.8\VC8\LIBGSL\X64\DEBUG-DLL\TRIDIAG.OBJ
C:\GSL\SRC\GSL\1.8\GSL-1.8\VC8\LIBGSL\X64\DEBUG-DLL\SYMMTD.OBJ
C:\GSL\SRC\GSL\1.8\GSL-1.8\VC8\LIBGSL\X64\DEBUG-DLL\SVD.OBJ
C:\GSL\SRC\GSL\1.8\GSL-1.8\VC8\LIBGSL\X64\DEBUG-DLL\QRPT.OBJ
C:\GSL\SRC\GSL\1.8\GSL-1.8\VC8\LIBGSL\X64\DEBUG-DLL\QR.OBJ
C:\GSL\SRC\GSL\1.8\GSL-1.8\VC8\LIBGSL\X64\DEBUG-DLL\PTLQ.OBJ
C:\GSL\SRC\GSL\1.8\GSL-1.8\VC8\LIBGSL\X64\DEBUG-DLL\MULTIPLY.OBJ
C:\GSL\SRC\GSL\1.8\GSL-1.8\VC8\LIBGSL\X64\DEBUG-DLL\LUC.OBJ
C:\GSL\SRC\GSL\1.8\GSL-1.8\VC8\LIBGSL\X64\DEBUG-DLL\LU.OBJ
C:\GSL\SRC\GSL\1.8\GSL-1.8\VC8\LIBGSL\X64\DEBUG-DLL\LQ.OBJ
C:\GSL\SRC\GSL\1.8\GSL-1.8\VC8\LIBGSL\X64\DEBUG-DLL\DNEWTON.OBJ
C:\GSL\SRC\GSL\1.8\GSL-1.8\VC8\LIBGSL\X64\DEBUG-DLL\BROYDEN.OBJ
C:\GSL\SRC\GSL\1.8\GSL-1.8\VC8\LIBGSL\X64\DEBUG-DLL\VECTOR_BFGS.OBJ
C:\GSL\SRC\GSL\1.8\GSL-1.8\VC8\LIBGSL\X64\DEBUG-DLL\STEEPEST_DESCENT.OBJ
C:\GSL\SRC\GSL\1.8\GSL-1.8\VC8\LIBGSL\X64\DEBUG-DLL\SIMPLEX.OBJ
C:\GSL\SRC\GSL\1.8\GSL-1.8\VC8\LIBGSL\X64\DEBUG-DLL\FMINIMIZER.OBJ
C:\GSL\SRC\GSL\1.8\GSL-1.8\VC8\LIBGSL\X64\DEBUG-DLL\FDFMINIMIZER.OBJ
C:\GSL\SRC\GSL\1.8\GSL-1.8\VC8\LIBGSL\X64\DEBUG-DLL\CONJUGATE_PR.OBJ
C:\GSL\SRC\GSL\1.8\GSL-1.8\VC8\LIBGSL\X64\DEBUG-DLL\CONJUGATE_FR.OBJ
C:\GSL\SRC\GSL\1.8\GSL-1.8\VC8\LIBGSL\X64\DEBUG-DLL\WORK.OBJ
C:\GSL\SRC\GSL\1.8\GSL-1.8\VC8\LIBGSL\X64\DEBUG-DLL\MULTILINEAR.OBJ
C:\GSL\SRC\GSL\1.8\GSL-1.8\VC8\LIBGSL\X64\DEBUG-DLL\LMDER.OBJ
C:\GSL\SRC\GSL\1.8\GSL-1.8\VC8\LIBGSL\X64\DEBUG-DLL\GRADIENT.OBJ
C:\GSL\SRC\GSL\1.8\GSL-1.8\VC8\LIBGSL\X64\DEBUG-DLL\FDFSOLVER.OBJ
C:\GSL\SRC\GSL\1.8\GSL-1.8\VC8\LIBGSL\X64\DEBUG-DLL\COVAR.OBJ
C:\GSL\SRC\GSL\1.8\GSL-1.8\VC8\LIBGSL\X64\DEBUG-DLL\VEGAS.OBJ
C:\GSL\SRC\GSL\1.8\GSL-1.8\VC8\LIBGSL\X64\DEBUG-DLL\PLAIN.OBJ
C:\GSL\SRC\GSL\1.8\GSL-1.8\VC8\LIBGSL\X64\DEBUG-DLL\MISER.OBJ
C:\GSL\SRC\GSL\1.8\GSL-1.8\VC8\LIBGSL\X64\DEBUG-DLL\GOLDEN.OBJ
C:\GSL\SRC\GSL\1.8\GSL-1.8\VC8\LIBGSL\X64\DEBUG-DLL\FSOLVER.OBJ
C:\GSL\SRC\GSL\1.8\GSL-1.8\VC8\LIBGSL\X64\DEBUG-DLL\RKCK.OBJ
C:\GSL\SRC\GSL\1.8\GSL-1.8\VC8\LIBGSL\X64\DEBUG-DLL\RK8PD.OBJ
C:\GSL\SRC\GSL\1.8\GSL-1.8\VC8\LIBGSL\X64\DEBUG-DLL\RK4IMP.OBJ
C:\GSL\SRC\GSL\1.8\GSL-1.8\VC8\LIBGSL\X64\DEBUG-DLL\RK4.OBJ
C:\GSL\SRC\GSL\1.8\GSL-1.8\VC8\LIBGSL\X64\DEBUG-DLL\RK2SIMP.OBJ
C:\GSL\SRC\GSL\1.8\GSL-1.8\VC8\LIBGSL\X64\DEBUG-DLL\RK2IMP.OBJ
C:\GSL\SRC\GSL\1.8\GSL-1.8\VC8\LIBGSL\X64\DEBUG-DLL\RK2.OBJ
C:\GSL\SRC\GSL\1.8\GSL-1.8\VC8\LIBGSL\X64\DEBUG-DLL\GEAR2.OBJ
C:\GSL\SRC\GSL\1.8\GSL-1.8\VC8\LIBGSL\X64\DEBUG-DLL\GEAR1.OBJ
C:\GSL\SRC\GSL\1.8\GSL-1.8\VC8\LIBGSL\X64\DEBUG-DLL\EVOLVE.OBJ
C:\GSL\SRC\GSL\1.8\GSL-1.8\VC8\LIBGSL\X64\DEBUG-DLL\CSTD.OBJ
C:\GSL\SRC\GSL\1.8\GSL-1.8\VC8\LIBGSL\X64\DEBUG-DLL\CSCAL.OBJ
C:\GSL\SRC\GSL\1.8\GSL-1.8\VC8\LIBGSL\X64\DEBUG-DLL\CONTROL.OBJ
C:\GSL\SRC\GSL\1.8\GSL-1.8\VC8\LIBGSL\X64\DEBUG-DLL\BSIMP.OBJ
C:\GSL\SRC\GSL\1.8\GSL-1.8\VC8\LIBGSL\X64\DEBUG-DLL\NTUPLE.OBJ
C:\GSL\SRC\GSL\1.8\GSL-1.8\VC8\LIBGSL\X64\DEBUG-DLL\NEWTON.OBJ
C:\GSL\SRC\GSL\1.8\GSL-1.8\VC8\LIBGSL\X64\DEBUG-DLL\HYBRIDJ.OBJ
C:\GSL\SRC\GSL\1.8\GSL-1.8\VC8\LIBGSL\X64\DEBUG-DLL\HYBRID.OBJ
C:\GSL\SRC\GSL\1.8\GSL-1.8\VC8\LIBGSL\X64\DEBUG-DLL\GNEWTON.OBJ
C:\GSL\SRC\GSL\1.8\GSL-1.8\VC8\LIBGSL\X64\DEBUG-DLL\FDJAC.OBJ
C:\GSL\SRC\GSL\1.8\GSL-1.8\VC8\LIBGSL\X64\DEBUG-DLL\DIRICHLET.OBJ
C:\GSL\SRC\GSL\1.8\GSL-1.8\VC8\LIBGSL\X64\DEBUG-DLL\BINOMIAL_TPE.OBJ
C:\GSL\SRC\GSL\1.8\GSL-1.8\VC8\LIBGSL\X64\DEBUG-DLL\BINOMIAL.OBJ
C:\GSL\SRC\GSL\1.8\GSL-1.8\VC8\LIBGSL\X64\DEBUG-DLL\BIGAUSS.OBJ
C:\GSL\SRC\GSL\1.8\GSL-1.8\VC8\LIBGSL\X64\DEBUG-DLL\BERNOULLI.OBJ
C:\GSL\SRC\GSL\1.8\GSL-1.8\VC8\LIBGSL\X64\DEBUG-DLL\SOBOL.OBJ
C:\GSL\SRC\GSL\1.8\GSL-1.8\VC8\LIBGSL\X64\DEBUG-DLL\QRNG.OBJ
C:\GSL\SRC\GSL\1.8\GSL-1.8\VC8\LIBGSL\X64\DEBUG-DLL\NIEDERREITER-2.OBJ
C:\GSL\SRC\GSL\1.8\GSL-1.8\VC8\LIBGSL\X64\DEBUG-DLL\ZSOLVE_QUADRATIC.OBJ
C:\GSL\SRC\GSL\1.8\GSL-1.8\VC8\LIBGSL\X64\DEBUG-DLL\ZSOLVE_INIT.OBJ
C:\GSL\SRC\GSL\1.8\GSL-1.8\VC8\LIBGSL\X64\DEBUG-DLL\ZSOLVE_CUBIC.OBJ
C:\GSL\SRC\GSL\1.8\GSL-1.8\VC8\LIBGSL\X64\DEBUG-DLL\ZSOLVE.OBJ
C:\GSL\SRC\GSL\1.8\GSL-1.8\VC8\LIBGSL\X64\DEBUG-DLL\SOLVE_QUADRATIC.OBJ
C:\GSL\SRC\GSL\1.8\GSL-1.8\VC8\LIBGSL\X64\DEBUG-DLL\SOLVE_CUBIC.OBJ
C:\GSL\SRC\GSL\1.8\GSL-1.8\VC8\LIBGSL\X64\DEBUG-DLL\DD.OBJ
C:\GSL\SRC\GSL\1.8\GSL-1.8\VC8\LIBGSL\X64\DEBUG-DLL\PERMUTE.OBJ
C:\GSL\SRC\GSL\1.8\GSL-1.8\VC8\LIBGSL\X64\DEBUG-DLL\PERMUTATION.OBJ
C:\GSL\SRC\GSL\1.8\GSL-1.8\VC8\LIBGSL\X64\DEBUG-DLL\CANONICAL.OBJ
C:\GSL\SRC\GSL\1.8\GSL-1.8\VC8\LIBGSL\X64\DEBUG-DLL\STEP.OBJ
C:\GSL\SRC\GSL\1.8\GSL-1.8\VC8\LIBGSL\X64\DEBUG-DLL\RKF45.OBJ
C:\GSL\SRC\GSL\1.8\GSL-1.8\VC8\LIBGSL\X64\DEBUG-DLL\FISHMAN18.OBJ
C:\GSL\SRC\GSL\1.8\GSL-1.8\VC8\LIBGSL\X64\DEBUG-DLL\DEFAULT.OBJ
C:\GSL\SRC\GSL\1.8\GSL-1.8\VC8\LIBGSL\X64\DEBUG-DLL\COVEYOU.OBJ
C:\GSL\SRC\GSL\1.8\GSL-1.8\VC8\LIBGSL\X64\DEBUG-DLL\CMRG.OBJ
C:\GSL\SRC\GSL\1.8\GSL-1.8\VC8\LIBGSL\X64\DEBUG-DLL\BOROSH13.OBJ
C:\GSL\SRC\GSL\1.8\GSL-1.8\VC8\LIBGSL\X64\DEBUG-DLL\SPHERE.OBJ
C:\GSL\SRC\GSL\1.8\GSL-1.8\VC8\LIBGSL\X64\DEBUG-DLL\SHUFFLE.OBJ
C:\GSL\SRC\GSL\1.8\GSL-1.8\VC8\LIBGSL\X64\DEBUG-DLL\POISSON.OBJ
C:\GSL\SRC\GSL\1.8\GSL-1.8\VC8\LIBGSL\X64\DEBUG-DLL\PASCAL.OBJ
C:\GSL\SRC\GSL\1.8\GSL-1.8\VC8\LIBGSL\X64\DEBUG-DLL\NBINOMIAL.OBJ
C:\GSL\SRC\GSL\1.8\GSL-1.8\VC8\LIBGSL\X64\DEBUG-DLL\MULTINOMIAL.OBJ
C:\GSL\SRC\GSL\1.8\GSL-1.8\VC8\LIBGSL\X64\DEBUG-DLL\LOGARITHMIC.OBJ
C:\GSL\SRC\GSL\1.8\GSL-1.8\VC8\LIBGSL\X64\DEBUG-DLL\LEVY.OBJ
C:\GSL\SRC\GSL\1.8\GSL-1.8\VC8\LIBGSL\X64\DEBUG-DLL\LANDAU.OBJ
C:\GSL\SRC\GSL\1.8\GSL-1.8\VC8\LIBGSL\X64\DEBUG-DLL\GUMBEL.OBJ
C:\GSL\SRC\GSL\1.8\GSL-1.8\VC8\LIBGSL\X64\DEBUG-DLL\GEOMETRIC.OBJ
C:\GSL\SRC\GSL\1.8\GSL-1.8\VC8\LIBGSL\X64\DEBUG-DLL\GAUSSZIG.OBJ
C:\GSL\SRC\GSL\1.8\GSL-1.8\VC8\LIBGSL\X64\DEBUG-DLL\GAUSSTAIL.OBJ
C:\GSL\SRC\GSL\1.8\GSL-1.8\VC8\LIBGSL\X64\DEBUG-DLL\ERLANG.OBJ
C:\GSL\SRC\GSL\1.8\GSL-1.8\VC8\LIBGSL\X64\DEBUG-DLL\DISCRETE.OBJ
C:\GSL\SRC\GSL\1.8\GSL-1.8\VC8\LIBGSL\X64\DEBUG-DLL\RANLUX.OBJ
C:\GSL\SRC\GSL\1.8\GSL-1.8\VC8\LIBGSL\X64\DEBUG-DLL\RANF.OBJ
C:\GSL\SRC\GSL\1.8\GSL-1.8\VC8\LIBGSL\X64\DEBUG-DLL\RANDU.OBJ
C:\GSL\SRC\GSL\1.8\GSL-1.8\VC8\LIBGSL\X64\DEBUG-DLL\RANDOM.OBJ
C:\GSL\SRC\GSL\1.8\GSL-1.8\VC8\LIBGSL\X64\DEBUG-DLL\RAND48.OBJ
C:\GSL\SRC\GSL\1.8\GSL-1.8\VC8\LIBGSL\X64\DEBUG-DLL\RAND.OBJ
C:\GSL\SRC\GSL\1.8\GSL-1.8\VC8\LIBGSL\X64\DEBUG-DLL\RAN3.OBJ
C:\GSL\SRC\GSL\1.8\GSL-1.8\VC8\LIBGSL\X64\DEBUG-DLL\RAN2.OBJ
C:\GSL\SRC\GSL\1.8\GSL-1.8\VC8\LIBGSL\X64\DEBUG-DLL\RAN1.OBJ
C:\GSL\SRC\GSL\1.8\GSL-1.8\VC8\LIBGSL\X64\DEBUG-DLL\RAN0.OBJ
C:\GSL\SRC\GSL\1.8\GSL-1.8\VC8\LIBGSL\X64\DEBUG-DLL\R250.OBJ
C:\GSL\SRC\GSL\1.8\GSL-1.8\VC8\LIBGSL\X64\DEBUG-DLL\MT.OBJ
C:\GSL\SRC\GSL\1.8\GSL-1.8\VC8\LIBGSL\X64\DEBUG-DLL\MRG.OBJ
C:\GSL\SRC\GSL\1.8\GSL-1.8\VC8\LIBGSL\X64\DEBUG-DLL\MINSTD.OBJ
C:\GSL\SRC\GSL\1.8\GSL-1.8\VC8\LIBGSL\X64\DEBUG-DLL\LECUYER21.OBJ
C:\GSL\SRC\GSL\1.8\GSL-1.8\VC8\LIBGSL\X64\DEBUG-DLL\KNUTHRAN2.OBJ
C:\GSL\SRC\GSL\1.8\GSL-1.8\VC8\LIBGSL\X64\DEBUG-DLL\KNUTHRAN.OBJ
C:\GSL\SRC\GSL\1.8\GSL-1.8\VC8\LIBGSL\X64\DEBUG-DLL\GFSR4.OBJ
C:\GSL\SRC\GSL\1.8\GSL-1.8\VC8\LIBGSL\X64\DEBUG-DLL\FISHMAN2X.OBJ
C:\GSL\SRC\GSL\1.8\GSL-1.8\VC8\LIBGSL\X64\DEBUG-DLL\FISHMAN20.OBJ
C:\GSL\SRC\GSL\1.8\GSL-1.8\VC8\LIBGSL\X64\DEBUG-DLL\SIMAN.OBJ
C:\GSL\SRC\GSL\1.8\GSL-1.8\VC8\LIBGSL\X64\DEBUG-DLL\STEFFENSON.OBJ
C:\GSL\SRC\GSL\1.8\GSL-1.8\VC8\LIBGSL\X64\DEBUG-DLL\SECANT.OBJ
C:\GSL\SRC\GSL\1.8\GSL-1.8\VC8\LIBGSL\X64\DEBUG-DLL\FALSEPOS.OBJ
C:\GSL\SRC\GSL\1.8\GSL-1.8\VC8\LIBGSL\X64\DEBUG-DLL\BISECTION.OBJ
C:\GSL\SRC\GSL\1.8\GSL-1.8\VC8\LIBGSL\X64\DEBUG-DLL\ZUF.OBJ
C:\GSL\SRC\GSL\1.8\GSL-1.8\VC8\LIBGSL\X64\DEBUG-DLL\WATERMAN14.OBJ
C:\GSL\SRC\GSL\1.8\GSL-1.8\VC8\LIBGSL\X64\DEBUG-DLL\VAX.OBJ
C:\GSL\SRC\GSL\1.8\GSL-1.8\VC8\LIBGSL\X64\DEBUG-DLL\UNI32.OBJ
C:\GSL\SRC\GSL\1.8\GSL-1.8\VC8\LIBGSL\X64\DEBUG-DLL\UNI.OBJ
C:\GSL\SRC\GSL\1.8\GSL-1.8\VC8\LIBGSL\X64\DEBUG-DLL\TYPES.OBJ
C:\GSL\SRC\GSL\1.8\GSL-1.8\VC8\LIBGSL\X64\DEBUG-DLL\TT.OBJ
C:\GSL\SRC\GSL\1.8\GSL-1.8\VC8\LIBGSL\X64\DEBUG-DLL\TRANSPUTER.OBJ
C:\GSL\SRC\GSL\1.8\GSL-1.8\VC8\LIBGSL\X64\DEBUG-DLL\TAUS113.OBJ
C:\GSL\SRC\GSL\1.8\GSL-1.8\VC8\LIBGSL\X64\DEBUG-DLL\TAUS.OBJ
C:\GSL\SRC\GSL\1.8\GSL-1.8\VC8\LIBGSL\X64\DEBUG-DLL\SLATEC.OBJ
C:\GSL\SRC\GSL\1.8\GSL-1.8\VC8\LIBGSL\X64\DEBUG-DLL\RNG.OBJ
C:\GSL\SRC\GSL\1.8\GSL-1.8\VC8\LIBGSL\X64\DEBUG-DLL\RANMAR.OBJ
C:\GSL\SRC\GSL\1.8\GSL-1.8\VC8\LIBGSL\X64\DEBUG-DLL\RANLXS.OBJ
C:\GSL\SRC\GSL\1.8\GSL-1.8\VC8\LIBGSL\X64\DEBUG-DLL\RANLXD.OBJ
C:\GSL\SRC\GSL\1.8\GSL-1.8\VC8\LIBGSL\X64\DEBUG-DLL\BESSEL_JN.OBJ
C:\GSL\SRC\GSL\1.8\GSL-1.8\VC8\LIBGSL\X64\DEBUG-DLL\BESSEL_J1.OBJ
C:\GSL\SRC\GSL\1.8\GSL-1.8\VC8\LIBGSL\X64\DEBUG-DLL\BESSEL_J0.OBJ
C:\GSL\SRC\GSL\1.8\GSL-1.8\VC8\LIBGSL\X64\DEBUG-DLL\BESSEL_J.OBJ
C:\GSL\SRC\GSL\1.8\GSL-1.8\VC8\LIBGSL\X64\DEBUG-DLL\BESSEL_INU.OBJ
C:\GSL\SRC\GSL\1.8\GSL-1.8\VC8\LIBGSL\X64\DEBUG-DLL\BESSEL_IN.OBJ
C:\GSL\SRC\GSL\1.8\GSL-1.8\VC8\LIBGSL\X64\DEBUG-DLL\BESSEL_I1.OBJ
C:\GSL\SRC\GSL\1.8\GSL-1.8\VC8\LIBGSL\X64\DEBUG-DLL\BESSEL_I0.OBJ
C:\GSL\SRC\GSL\1.8\GSL-1.8\VC8\LIBGSL\X64\DEBUG-DLL\BESSEL_I.OBJ
C:\GSL\SRC\GSL\1.8\GSL-1.8\VC8\LIBGSL\X64\DEBUG-DLL\BESSEL_AMP_PHASE.OBJ
C:\GSL\SRC\GSL\1.8\GSL-1.8\VC8\LIBGSL\X64\DEBUG-DLL\BESSEL.OBJ
C:\GSL\SRC\GSL\1.8\GSL-1.8\VC8\LIBGSL\X64\DEBUG-DLL\ATANINT.OBJ
C:\GSL\SRC\GSL\1.8\GSL-1.8\VC8\LIBGSL\X64\DEBUG-DLL\AIRY_ZERO.OBJ
C:\GSL\SRC\GSL\1.8\GSL-1.8\VC8\LIBGSL\X64\DEBUG-DLL\AIRY_DER.OBJ
C:\GSL\SRC\GSL\1.8\GSL-1.8\VC8\LIBGSL\X64\DEBUG-DLL\AIRY.OBJ
C:\GSL\SRC\GSL\1.8\GSL-1.8\VC8\LIBGSL\X64\DEBUG-DLL\SUBSETIND.OBJ
C:\GSL\SRC\GSL\1.8\GSL-1.8\VC8\LIBGSL\X64\DEBUG-DLL\SUBSET.OBJ
C:\GSL\SRC\GSL\1.8\GSL-1.8\VC8\LIBGSL\X64\DEBUG-DLL\SORTVECIND.OBJ
C:\GSL\SRC\GSL\1.8\GSL-1.8\VC8\LIBGSL\X64\DEBUG-DLL\SORTVEC.OBJ
C:\GSL\SRC\GSL\1.8\GSL-1.8\VC8\LIBGSL\X64\DEBUG-DLL\SORTIND.OBJ
C:\GSL\SRC\GSL\1.8\GSL-1.8\VC8\LIBGSL\X64\DEBUG-DLL\COUPLING.OBJ
C:\GSL\SRC\GSL\1.8\GSL-1.8\VC8\LIBGSL\X64\DEBUG-DLL\COULOMB_BOUND.OBJ
C:\GSL\SRC\GSL\1.8\GSL-1.8\VC8\LIBGSL\X64\DEBUG-DLL\COULOMB.OBJ
C:\GSL\SRC\GSL\1.8\GSL-1.8\VC8\LIBGSL\X64\DEBUG-DLL\CLAUSEN.OBJ
C:\GSL\SRC\GSL\1.8\GSL-1.8\VC8\LIBGSL\X64\DEBUG-DLL\BETA_INC.OBJ
C:\GSL\SRC\GSL\1.8\GSL-1.8\VC8\LIBGSL\X64\DEBUG-DLL\BESSEL_ZERO.OBJ
C:\GSL\SRC\GSL\1.8\GSL-1.8\VC8\LIBGSL\X64\DEBUG-DLL\BESSEL_YNU.OBJ
C:\GSL\SRC\GSL\1.8\GSL-1.8\VC8\LIBGSL\X64\DEBUG-DLL\BESSEL_YN.OBJ
C:\GSL\SRC\GSL\1.8\GSL-1.8\VC8\LIBGSL\X64\DEBUG-DLL\BESSEL_Y1.OBJ
C:\GSL\SRC\GSL\1.8\GSL-1.8\VC8\LIBGSL\X64\DEBUG-DLL\BESSEL_Y0.OBJ
C:\GSL\SRC\GSL\1.8\GSL-1.8\VC8\LIBGSL\X64\DEBUG-DLL\BESSEL_Y.OBJ
C:\GSL\SRC\GSL\1.8\GSL-1.8\VC8\LIBGSL\X64\DEBUG-DLL\BESSEL_TEMME.OBJ
C:\GSL\SRC\GSL\1.8\GSL-1.8\VC8\LIBGSL\X64\DEBUG-DLL\BESSEL_SEQUENCE.OBJ
C:\GSL\SRC\GSL\1.8\GSL-1.8\VC8\LIBGSL\X64\DEBUG-DLL\BESSEL_OLVER.OBJ
C:\GSL\SRC\GSL\1.8\GSL-1.8\VC8\LIBGSL\X64\DEBUG-DLL\BESSEL_KNU.OBJ
C:\GSL\SRC\GSL\1.8\GSL-1.8\VC8\LIBGSL\X64\DEBUG-DLL\BESSEL_KN.OBJ
C:\GSL\SRC\GSL\1.8\GSL-1.8\VC8\LIBGSL\X64\DEBUG-DLL\BESSEL_K1.OBJ
C:\GSL\SRC\GSL\1.8\GSL-1.8\VC8\LIBGSL\X64\DEBUG-DLL\BESSEL_K0.OBJ
C:\GSL\SRC\GSL\1.8\GSL-1.8\VC8\LIBGSL\X64\DEBUG-DLL\BESSEL_K.OBJ
C:\GSL\SRC\GSL\1.8\GSL-1.8\VC8\LIBGSL\X64\DEBUG-DLL\BESSEL_JNU.OBJ
C:\GSL\SRC\GSL\1.8\GSL-1.8\VC8\LIBGSL\X64\DEBUG-DLL\LAGUERRE.OBJ
C:\GSL\SRC\GSL\1.8\GSL-1.8\VC8\LIBGSL\X64\DEBUG-DLL\HYPERG_U.OBJ
C:\GSL\SRC\GSL\1.8\GSL-1.8\VC8\LIBGSL\X64\DEBUG-DLL\HYPERG_2F1.OBJ
C:\GSL\SRC\GSL\1.8\GSL-1.8\VC8\LIBGSL\X64\DEBUG-DLL\HYPERG_2F0.OBJ
C:\GSL\SRC\GSL\1.8\GSL-1.8\VC8\LIBGSL\X64\DEBUG-DLL\HYPERG_1F1.OBJ
C:\GSL\SRC\GSL\1.8\GSL-1.8\VC8\LIBGSL\X64\DEBUG-DLL\HYPERG_0F1.OBJ
C:\GSL\SRC\GSL\1.8\GSL-1.8\VC8\LIBGSL\X64\DEBUG-DLL\HYPERG.OBJ
C:\GSL\SRC\GSL\1.8\GSL-1.8\VC8\LIBGSL\X64\DEBUG-DLL\GEGENBAUER.OBJ
C:\GSL\SRC\GSL\1.8\GSL-1.8\VC8\LIBGSL\X64\DEBUG-DLL\GAMMA_INC.OBJ
C:\GSL\SRC\GSL\1.8\GSL-1.8\VC8\LIBGSL\X64\DEBUG-DLL\FERMI_DIRAC.OBJ
C:\GSL\SRC\GSL\1.8\GSL-1.8\VC8\LIBGSL\X64\DEBUG-DLL\EXPINT3.OBJ
C:\GSL\SRC\GSL\1.8\GSL-1.8\VC8\LIBGSL\X64\DEBUG-DLL\EXPINT.OBJ
C:\GSL\SRC\GSL\1.8\GSL-1.8\VC8\LIBGSL\X64\DEBUG-DLL\EXP.OBJ
C:\GSL\SRC\GSL\1.8\GSL-1.8\VC8\LIBGSL\X64\DEBUG-DLL\ERFC.OBJ
C:\GSL\SRC\GSL\1.8\GSL-1.8\VC8\LIBGSL\X64\DEBUG-DLL\ELLJAC.OBJ
C:\GSL\SRC\GSL\1.8\GSL-1.8\VC8\LIBGSL\X64\DEBUG-DLL\ELLINT.OBJ
C:\GSL\SRC\GSL\1.8\GSL-1.8\VC8\LIBGSL\X64\DEBUG-DLL\ELEMENTARY.OBJ
C:\GSL\SRC\GSL\1.8\GSL-1.8\VC8\LIBGSL\X64\DEBUG-DLL\DILOG.OBJ
C:\GSL\SRC\GSL\1.8\GSL-1.8\VC8\LIBGSL\X64\DEBUG-DLL\DEBYE.OBJ
C:\GSL\SRC\GSL\1.8\GSL-1.8\VC8\LIBGSL\X64\DEBUG-DLL\DAWSON.OBJ
C:\GSL\SRC\GSL\1.8\GSL-1.8\VC8\LIBGSL\X64\DEBUG-DLL\MEAN.OBJ
C:\GSL\SRC\GSL\1.8\GSL-1.8\VC8\LIBGSL\X64\DEBUG-DLL\LAG1.OBJ
C:\GSL\SRC\GSL\1.8\GSL-1.8\VC8\LIBGSL\X64\DEBUG-DLL\KURTOSIS.OBJ
C:\GSL\SRC\GSL\1.8\GSL-1.8\VC8\LIBGSL\X64\DEBUG-DLL\COVARIANCE.OBJ
C:\GSL\SRC\GSL\1.8\GSL-1.8\VC8\LIBGSL\X64\DEBUG-DLL\ABSDEV.OBJ
C:\GSL\SRC\GSL\1.8\GSL-1.8\VC8\LIBGSL\X64\DEBUG-DLL\ZETA.OBJ
C:\GSL\SRC\GSL\1.8\GSL-1.8\VC8\LIBGSL\X64\DEBUG-DLL\TRIG.OBJ
C:\GSL\SRC\GSL\1.8\GSL-1.8\VC8\LIBGSL\X64\DEBUG-DLL\TRANSPORT.OBJ
C:\GSL\SRC\GSL\1.8\GSL-1.8\VC8\LIBGSL\X64\DEBUG-DLL\SYNCHROTRON.OBJ
C:\GSL\SRC\GSL\1.8\GSL-1.8\VC8\LIBGSL\X64\DEBUG-DLL\SININT.OBJ
C:\GSL\SRC\GSL\1.8\GSL-1.8\VC8\LIBGSL\X64\DEBUG-DLL\SHINT.OBJ
C:\GSL\SRC\GSL\1.8\GSL-1.8\VC8\LIBGSL\X64\DEBUG-DLL\RESULT.OBJ
C:\GSL\SRC\GSL\1.8\GSL-1.8\VC8\LIBGSL\X64\DEBUG-DLL\PSI.OBJ
C:\GSL\SRC\GSL\1.8\GSL-1.8\VC8\LIBGSL\X64\DEBUG-DLL\POCH.OBJ
C:\GSL\SRC\GSL\1.8\GSL-1.8\VC8\LIBGSL\X64\DEBUG-DLL\LOG.OBJ
C:\GSL\SRC\GSL\1.8\GSL-1.8\VC8\LIBGSL\X64\DEBUG-DLL\LEGENDRE_QN.OBJ
C:\GSL\SRC\GSL\1.8\GSL-1.8\VC8\LIBGSL\X64\DEBUG-DLL\LEGENDRE_POLY.OBJ
C:\GSL\SRC\GSL\1.8\GSL-1.8\VC8\LIBGSL\X64\DEBUG-DLL\LEGENDRE_H3D.OBJ
C:\GSL\SRC\GSL\1.8\GSL-1.8\VC8\LIBGSL\X64\DEBUG-DLL\LEGENDRE_CON.OBJ
C:\GSL\SRC\GSL\1.8\GSL-1.8\VC8\LIBGSL\X64\DEBUG-DLL\LAMBERT.OBJ
C:\GSL\SRC\GSL\1.8\GSL-1.8\VC8\LIBGSL\X64\DEBUG-DLL\HYPOT.OBJ
C:\GSL\SRC\GSL\1.8\GSL-1.8\VC8\LIBGSL\X64\DEBUG-DLL\FDIV.OBJ
C:\GSL\SRC\GSL\1.8\GSL-1.8\VC8\LIBGSL\X64\DEBUG-DLL\FCMP.OBJ
C:\GSL\SRC\GSL\1.8\GSL-1.8\VC8\LIBGSL\X64\DEBUG-DLL\EXPM1.OBJ
C:\GSL\SRC\GSL\1.8\GSL-1.8\VC8\LIBGSL\X64\DEBUG-DLL\COERCE.OBJ
C:\GSL\SRC\GSL\1.8\GSL-1.8\VC8\LIBGSL\X64\DEBUG-DLL\WORK_UTRUNC.OBJ
C:\GSL\SRC\GSL\1.8\GSL-1.8\VC8\LIBGSL\X64\DEBUG-DLL\WORK_U.OBJ
C:\GSL\SRC\GSL\1.8\GSL-1.8\VC8\LIBGSL\X64\DEBUG-DLL\LEVIN_UTRUNC.OBJ
C:\GSL\SRC\GSL\1.8\GSL-1.8\VC8\LIBGSL\X64\DEBUG-DLL\LEVIN_U.OBJ
C:\GSL\SRC\GSL\1.8\GSL-1.8\VC8\LIBGSL\X64\DEBUG-DLL\WVARIANCE.OBJ
C:\GSL\SRC\GSL\1.8\GSL-1.8\VC8\LIBGSL\X64\DEBUG-DLL\WSKEW.OBJ
C:\GSL\SRC\GSL\1.8\GSL-1.8\VC8\LIBGSL\X64\DEBUG-DLL\WMEAN.OBJ
C:\GSL\SRC\GSL\1.8\GSL-1.8\VC8\LIBGSL\X64\DEBUG-DLL\WKURTOSIS.OBJ
C:\GSL\SRC\GSL\1.8\GSL-1.8\VC8\LIBGSL\X64\DEBUG-DLL\WABSDEV.OBJ
C:\GSL\SRC\GSL\1.8\GSL-1.8\VC8\LIBGSL\X64\DEBUG-DLL\VARIANCE.OBJ
C:\GSL\SRC\GSL\1.8\GSL-1.8\VC8\LIBGSL\X64\DEBUG-DLL\TTEST.OBJ
C:\GSL\SRC\GSL\1.8\GSL-1.8\VC8\LIBGSL\X64\DEBUG-DLL\SKEW.OBJ
C:\GSL\SRC\GSL\1.8\GSL-1.8\VC8\LIBGSL\X64\DEBUG-DLL\QUANTILES.OBJ
C:\GSL\SRC\GSL\1.8\GSL-1.8\VC8\LIBGSL\X64\DEBUG-DLL\P_VARIANCE.OBJ
C:\GSL\SRC\GSL\1.8\GSL-1.8\VC8\LIBGSL\X64\DEBUG-DLL\MEDIAN.OBJ
C:\GSL\SRC\GSL\1.8\GSL-1.8\VC8\LIBGSL\X64\DEBUG-DLL\WAVELET.OBJ
C:\GSL\SRC\GSL\1.8\GSL-1.8\VC8\LIBGSL\X64\DEBUG-DLL\HAAR.OBJ
C:\GSL\SRC\GSL\1.8\GSL-1.8\VC8\LIBGSL\X64\DEBUG-DLL\DWT.OBJ
C:\GSL\SRC\GSL\1.8\GSL-1.8\VC8\LIBGSL\X64\DEBUG-DLL\DAUBECHIES.OBJ
C:\GSL\SRC\GSL\1.8\GSL-1.8\VC8\LIBGSL\X64\DEBUG-DLL\BSPLINE.OBJ
C:\GSL\SRC\GSL\1.8\GSL-1.8\VC8\LIBGSL\X64\DEBUG-DLL\VECTOR.OBJ
C:\GSL\SRC\GSL\1.8\GSL-1.8\VC8\LIBGSL\X64\DEBUG-DLL\SUBVECTOR.OBJ
C:\GSL\SRC\GSL\1.8\GSL-1.8\VC8\LIBGSL\X64\DEBUG-DLL\REIM.OBJ
C:\GSL\SRC\GSL\1.8\GSL-1.8\VC8\LIBGSL\X64\DEBUG-DLL\PLACEHOLDER.OBJ
C:\GSL\SRC\GSL\1.8\GSL-1.8\VC8\LIBGSL\X64\DEBUG-DLL\RESULTS.OBJ
C:\GSL\SRC\GSL\1.8\GSL-1.8\VC8\LIBGSL\X64\DEBUG-DLL\PREC.OBJ
C:\GSL\SRC\GSL\1.8\GSL-1.8\VC8\LIBGSL\X64\DEBUG-DLL\POW_INT.OBJ
C:\GSL\SRC\GSL\1.8\GSL-1.8\VC8\LIBGSL\X64\DEBUG-DLL\LOG1P.OBJ
C:\GSL\SRC\GSL\1.8\GSL-1.8\VC8\LIBGSL\X64\DEBUG-DLL\LDFREXP.OBJ
C:\GSL\SRC\GSL\1.8\GSL-1.8\VC8\LIBGSL\X64\DEBUG-DLL\INVHYP.OBJ
C:\GSL\SRC\GSL\1.8\GSL-1.8\VC8\LIBGSL\X64\DEBUG-DLL\INFNAN.OBJ
C:\GSL\SRC\GSL\1.8\GSL-1.8\VC8\LIBGSL\X64\DEBUG-DLL\VC110.PDB
C:\GSL\SRC\GSL\1.8\GSL-1.8\VC8\LIBGSL\X64\DEBUG-DLL\BINOMIAL1.OBJ
C:\GSL\SRC\GSL\1.8\GSL-1.8\VC8\LIBGSL\X64\DEBUG-DLL\GEOMETRIC1.OBJ
C:\GSL\SRC\GSL\1.8\GSL-1.8\VC8\LIBGSL\X64\DEBUG-DLL\NBINOMIAL1.OBJ
C:\GSL\SRC\GSL\1.8\GSL-1.8\VC8\LIBGSL\X64\DEBUG-DLL\PASCAL1.OBJ
C:\GSL\SRC\GSL\1.8\GSL-1.8\VC8\LIBGSL\X64\DEBUG-DLL\POISSON1.OBJ
C:\GSL\SRC\GSL\1.8\GSL-1.8\VC8\LIBGSL\X64\DEBUG-DLL\INIT2.OBJ
C:\GSL\SRC\GSL\1.8\GSL-1.8\VC8\LIBGSL\X64\DEBUG-DLL\FILE1.OBJ
C:\GSL\SRC\GSL\1.8\GSL-1.8\VC8\LIBGSL\X64\DEBUG-DLL\INIT1.OBJ
C:\GSL\SRC\GSL\1.8\GSL-1.8\VC8\LIBGSL\X64\DEBUG-DLL\DERIV1.OBJ
C:\GSL\SRC\GSL\1.8\GSL-1.8\VC8\LIBGSL\X64\DEBUG-DLL\FILE2.OBJ
C:\GSL\SRC\GSL\1.8\GSL-1.8\VC8\LIBGSL\X64\DEBUG-DLL\INIT3.OBJ
C:\GSL\SRC\GSL\1.8\GSL-1.8\VC8\LIBGSL\X64\DEBUG-DLL\LINEAR1.OBJ
C:\GSL\SRC\GSL\1.8\GSL-1.8\VC8\LIBGSL\X64\DEBUG-DLL\EXPONENTIAL2.OBJ
C:\GSL\SRC\GSL\1.8\GSL-1.8\VC8\LIBGSL\X64\DEBUG-DLL\COPY1.OBJ
C:\GSL\SRC\GSL\1.8\GSL-1.8\VC8\LIBGSL\X64\DEBUG-DLL\FILE3.OBJ
C:\GSL\SRC\GSL\1.8\GSL-1.8\VC8\LIBGSL\X64\DEBUG-DLL\INIT4.OBJ
C:\GSL\SRC\GSL\1.8\GSL-1.8\VC8\LIBGSL\X64\DEBUG-DLL\MINMAX1.OBJ
C:\GSL\SRC\GSL\1.8\GSL-1.8\VC8\LIBGSL\X64\DEBUG-DLL\OPER1.OBJ
C:\GSL\SRC\GSL\1.8\GSL-1.8\VC8\LIBGSL\X64\DEBUG-DLL\CONVERGENCE1.OBJ
C:\GSL\SRC\GSL\1.8\GSL-1.8\VC8\LIBGSL\X64\DEBUG-DLL\FSOLVER1.OBJ
C:\GSL\SRC\GSL\1.8\GSL-1.8\VC8\LIBGSL\X64\DEBUG-DLL\CONVERGENCE2.OBJ
C:\GSL\SRC\GSL\1.8\GSL-1.8\VC8\LIBGSL\X64\DEBUG-DLL\DIFF1.OBJ
C:\GSL\SRC\GSL\1.8\GSL-1.8\VC8\LIBGSL\X64\DEBUG-DLL\CONVERGENCE3.OBJ
C:\GSL\SRC\GSL\1.8\GSL-1.8\VC8\LIBGSL\X64\DEBUG-DLL\FDFSOLVER1.OBJ
C:\GSL\SRC\GSL\1.8\GSL-1.8\VC8\LIBGSL\X64\DEBUG-DLL\FSOLVER2.OBJ
C:\GSL\SRC\GSL\1.8\GSL-1.8\VC8\LIBGSL\X64\DEBUG-DLL\FILE5.OBJ
C:\GSL\SRC\GSL\1.8\GSL-1.8\VC8\LIBGSL\X64\DEBUG-DLL\INIT6.OBJ
C:\GSL\SRC\GSL\1.8\GSL-1.8\VC8\LIBGSL\X64\DEBUG-DLL\EVAL1.OBJ
C:\GSL\SRC\GSL\1.8\GSL-1.8\VC8\LIBGSL\X64\DEBUG-DLL\BETA2.OBJ
C:\GSL\SRC\GSL\1.8\GSL-1.8\VC8\LIBGSL\X64\DEBUG-DLL\CAUCHY1.OBJ
C:\GSL\SRC\GSL\1.8\GSL-1.8\VC8\LIBGSL\X64\DEBUG-DLL\CHISQ1.OBJ
C:\GSL\SRC\GSL\1.8\GSL-1.8\VC8\LIBGSL\X64\DEBUG-DLL\EXPONENTIAL1.OBJ
C:\GSL\SRC\GSL\1.8\GSL-1.8\VC8\LIBGSL\X64\DEBUG-DLL\EXPPOW1.OBJ
C:\GSL\SRC\GSL\1.8\GSL-1.8\VC8\LIBGSL\X64\DEBUG-DLL\FDIST1.OBJ
C:\GSL\SRC\GSL\1.8\GSL-1.8\VC8\LIBGSL\X64\DEBUG-DLL\FLAT1.OBJ
C:\GSL\SRC\GSL\1.8\GSL-1.8\VC8\LIBGSL\X64\DEBUG-DLL\GAMMA2.OBJ
C:\GSL\SRC\GSL\1.8\GSL-1.8\VC8\LIBGSL\X64\DEBUG-DLL\GAUSS1.OBJ
C:\GSL\SRC\GSL\1.8\GSL-1.8\VC8\LIBGSL\X64\DEBUG-DLL\HYPERG1.OBJ
C:\GSL\SRC\GSL\1.8\GSL-1.8\VC8\LIBGSL\X64\DEBUG-DLL\LAPLACE1.OBJ
C:\GSL\SRC\GSL\1.8\GSL-1.8\VC8\LIBGSL\X64\DEBUG-DLL\LOGISTIC1.OBJ
C:\GSL\SRC\GSL\1.8\GSL-1.8\VC8\LIBGSL\X64\DEBUG-DLL\LOGNORMAL1.OBJ
C:\GSL\SRC\GSL\1.8\GSL-1.8\VC8\LIBGSL\X64\DEBUG-DLL\PARETO1.OBJ
C:\GSL\SRC\GSL\1.8\GSL-1.8\VC8\LIBGSL\X64\DEBUG-DLL\RAYLEIGH1.OBJ
C:\GSL\SRC\GSL\1.8\GSL-1.8\VC8\LIBGSL\X64\DEBUG-DLL\TDIST1.OBJ
C:\GSL\SRC\GSL\1.8\GSL-1.8\VC8\LIBGSL\X64\DEBUG-DLL\WEIBULL1.OBJ
C:\GSL\SRC\GSL\1.8\GSL-1.8\VC8\LIBGSL\X64\DEBUG-DLL\FILE6.OBJ
C:\GSL\SRC\GSL\1.8\GSL-1.8\VC8\LIBGSL\X64\DEBUG-DLL\BRENT1.OBJ
C:\GSL\SRC\GSL\1.8\GSL-1.8\VC8\LIBGSL\X64\DEBUG-DLL\CONVERGENCE4.OBJ
C:\GSL\SRC\GSL\1.8\GSL-1.8\VC8\LIBGSL\X64\DEBUG-DLL\FDFSOLVER2.OBJ
C:\GSL\SRC\GSL\1.8\GSL-1.8\VC8\LIBGSL\X64\DEBUG-DLL\FSOLVER3.OBJ
C:\GSL\SRC\GSL\1.8\GSL-1.8\VC8\LIBGSL\X64\DEBUG-DLL\NEWTON1.OBJ
C:\GSL\SRC\GSL\1.8\GSL-1.8\VC8\LIBGSL\X64\DEBUG-DLL\SORT1.OBJ
C:\GSL\SRC\GSL\1.8\GSL-1.8\VC8\LIBGSL\X64\DEBUG-DLL\BETA1.OBJ
C:\GSL\SRC\GSL\1.8\GSL-1.8\VC8\LIBGSL\X64\DEBUG-DLL\GAMMA1.OBJ
C:\GSL\SRC\GSL\1.8\GSL-1.8\VC8\LIBGSL\X64\DEBUG-DLL\POW_INT1.OBJ
C:\GSL\SRC\GSL\1.8\GSL-1.8\VC8\LIBGSL\X64\DEBUG-DLL\MINMAX3.OBJ
C:\GSL\SRC\GSL\1.8\GSL-1.8\VC8\LIBGSL\X64\DEBUG-DLL\MINMAX.OBJ
C:\GSL\SRC\GSL\1.8\GSL-1.8\VC8\LIBGSL\X64\DEBUG-DLL\COPY2.OBJ
C:\GSL\SRC\GSL\1.8\GSL-1.8\VC8\LIBGSL\X64\DEBUG-DLL\FILE4.OBJ
C:\GSL\SRC\GSL\1.8\GSL-1.8\VC8\LIBGSL\X64\DEBUG-DLL\INIT5.OBJ
C:\GSL\SRC\GSL\1.8\GSL-1.8\VC8\LIBGSL\X64\DEBUG-DLL\MINMAX2.OBJ
C:\GSL\SRC\GSL\1.8\GSL-1.8\VC8\LIBGSL\X64\DEBUG-DLL\OPER2.OBJ
C:\GSL\SRC\GSL\1.8\GSL-1.8\VC8\LIBGSL\X64\DEBUG-DLL\PROP1.OBJ
C:\GSL\SRC\GSL\1.8\GSL-1.8\VC8\LIBGSL\X64\DEBUG-DLL\SWAP1.OBJ
C:\GSL\SRC\GSL\1.8\GSL-1.8\VC8\LIBGSL\X64\DEBUG-DLL\VIEW1.OBJ
C:\gsl\src\gsl\1.8\gsl-1.8\VC8\x64\Debug-DLL\libgsl_dll_d.lib
C:\gsl\src\gsl\1.8\gsl-1.8\VC8\x64\Debug-DLL\libgsl_dll_d.exp
C:\GSL\SRC\GSL\1.8\GSL-1.8\VC8\X64\DEBUG-DLL\LIBGSL_D.DLL
C:\gsl\src\gsl\1.8\gsl-1.8\VC8\libgsl\x64\Debug-DLL\absdev.obj
C:\gsl\src\gsl\1.8\gsl-1.8\VC8\libgsl\x64\Debug-DLL\accel.obj
C:\gsl\src\gsl\1.8\gsl-1.8\VC8\libgsl\x64\Debug-DLL\add.obj
C:\gsl\src\gsl\1.8\gsl-1.8\VC8\libgsl\x64\Debug-DLL\add2d.obj
C:\gsl\src\gsl\1.8\gsl-1.8\VC8\libgsl\x64\Debug-DLL\airy.obj
C:\gsl\src\gsl\1.8\gsl-1.8\VC8\libgsl\x64\Debug-DLL\airy_der.obj
C:\gsl\src\gsl\1.8\gsl-1.8\VC8\libgsl\x64\Debug-DLL\airy_zero.obj
C:\gsl\src\gsl\1.8\gsl-1.8\VC8\libgsl\x64\Debug-DLL\akima.obj
C:\gsl\src\gsl\1.8\gsl-1.8\VC8\libgsl\x64\Debug-DLL\atanint.obj
C:\gsl\src\gsl\1.8\gsl-1.8\VC8\libgsl\x64\Debug-DLL\balance.obj
C:\gsl\src\gsl\1.8\gsl-1.8\VC8\libgsl\x64\Debug-DLL\bernoulli.obj
C:\gsl\src\gsl\1.8\gsl-1.8\VC8\libgsl\x64\Debug-DLL\bessel.obj
C:\gsl\src\gsl\1.8\gsl-1.8\VC8\libgsl\x64\Debug-DLL\bessel_amp_phase.obj
C:\gsl\src\gsl\1.8\gsl-1.8\VC8\libgsl\x64\Debug-DLL\bessel_i.obj
C:\gsl\src\gsl\1.8\gsl-1.8\VC8\libgsl\x64\Debug-DLL\bessel_I0.obj
C:\gsl\src\gsl\1.8\gsl-1.8\VC8\libgsl\x64\Debug-DLL\bessel_I1.obj
C:\gsl\src\gsl\1.8\gsl-1.8\VC8\libgsl\x64\Debug-DLL\bessel_In.obj
C:\gsl\src\gsl\1.8\gsl-1.8\VC8\libgsl\x64\Debug-DLL\bessel_Inu.obj
C:\gsl\src\gsl\1.8\gsl-1.8\VC8\libgsl\x64\Debug-DLL\bessel_j.obj
C:\gsl\src\gsl\1.8\gsl-1.8\VC8\libgsl\x64\Debug-DLL\bessel_J0.obj
C:\gsl\src\gsl\1.8\gsl-1.8\VC8\libgsl\x64\Debug-DLL\bessel_J1.obj
C:\gsl\src\gsl\1.8\gsl-1.8\VC8\libgsl\x64\Debug-DLL\bessel_Jn.obj
C:\gsl\src\gsl\1.8\gsl-1.8\VC8\libgsl\x64\Debug-DLL\bessel_Jnu.obj
C:\gsl\src\gsl\1.8\gsl-1.8\VC8\libgsl\x64\Debug-DLL\bessel_k.obj
C:\gsl\src\gsl\1.8\gsl-1.8\VC8\libgsl\x64\Debug-DLL\bessel_K0.obj
C:\gsl\src\gsl\1.8\gsl-1.8\VC8\libgsl\x64\Debug-DLL\bessel_K1.obj
C:\gsl\src\gsl\1.8\gsl-1.8\VC8\libgsl\x64\Debug-DLL\bessel_Kn.obj
C:\gsl\src\gsl\1.8\gsl-1.8\VC8\libgsl\x64\Debug-DLL\bessel_Knu.obj
C:\gsl\src\gsl\1.8\gsl-1.8\VC8\libgsl\x64\Debug-DLL\bessel_olver.obj
C:\gsl\src\gsl\1.8\gsl-1.8\VC8\libgsl\x64\Debug-DLL\bessel_sequence.obj
C:\gsl\src\gsl\1.8\gsl-1.8\VC8\libgsl\x64\Debug-DLL\bessel_temme.obj
C:\gsl\src\gsl\1.8\gsl-1.8\VC8\libgsl\x64\Debug-DLL\bessel_y.obj
C:\gsl\src\gsl\1.8\gsl-1.8\VC8\libgsl\x64\Debug-DLL\bessel_Y0.obj
C:\gsl\src\gsl\1.8\gsl-1.8\VC8\libgsl\x64\Debug-DLL\bessel_Y1.obj
C:\gsl\src\gsl\1.8\gsl-1.8\VC8\libgsl\x64\Debug-DLL\bessel_Yn.obj
C:\gsl\src\gsl\1.8\gsl-1.8\VC8\libgsl\x64\Debug-DLL\bessel_Ynu.obj
C:\gsl\src\gsl\1.8\gsl-1.8\VC8\libgsl\x64\Debug-DLL\bessel_zero.obj
C:\gsl\src\gsl\1.8\gsl-1.8\VC8\libgsl\x64\Debug-DLL\beta.obj
C:\gsl\src\gsl\1.8\gsl-1.8\VC8\libgsl\x64\Debug-DLL\beta1.obj
C:\gsl\src\gsl\1.8\gsl-1.8\VC8\libgsl\x64\Debug-DLL\beta2.obj
C:\gsl\src\gsl\1.8\gsl-1.8\VC8\libgsl\x64\Debug-DLL\betainv.obj
C:\gsl\src\gsl\1.8\gsl-1.8\VC8\libgsl\x64\Debug-DLL\beta_inc.obj
C:\gsl\src\gsl\1.8\gsl-1.8\VC8\libgsl\x64\Debug-DLL\bidiag.obj
C:\gsl\src\gsl\1.8\gsl-1.8\VC8\libgsl\x64\Debug-DLL\bigauss.obj
C:\gsl\src\gsl\1.8\gsl-1.8\VC8\libgsl\x64\Debug-DLL\binomial.obj
C:\gsl\src\gsl\1.8\gsl-1.8\VC8\libgsl\x64\Debug-DLL\binomial1.obj
C:\gsl\src\gsl\1.8\gsl-1.8\VC8\libgsl\x64\Debug-DLL\binomial_tpe.obj
C:\gsl\src\gsl\1.8\gsl-1.8\VC8\libgsl\x64\Debug-DLL\bisection.obj
C:\gsl\src\gsl\1.8\gsl-1.8\VC8\libgsl\x64\Debug-DLL\blas.obj
C:\gsl\src\gsl\1.8\gsl-1.8\VC8\libgsl\x64\Debug-DLL\block.obj
C:\gsl\src\gsl\1.8\gsl-1.8\VC8\libgsl\x64\Debug-DLL\borosh13.obj
C:\gsl\src\gsl\1.8\gsl-1.8\VC8\libgsl\x64\Debug-DLL\bracketing.obj
C:\gsl\src\gsl\1.8\gsl-1.8\VC8\libgsl\x64\Debug-DLL\brent.obj
C:\gsl\src\gsl\1.8\gsl-1.8\VC8\libgsl\x64\Debug-DLL\brent1.obj
C:\gsl\src\gsl\1.8\gsl-1.8\VC8\libgsl\x64\Debug-DLL\broyden.obj
C:\gsl\src\gsl\1.8\gsl-1.8\VC8\libgsl\x64\Debug-DLL\bsearch.obj
C:\gsl\src\gsl\1.8\gsl-1.8\VC8\libgsl\x64\Debug-DLL\bsimp.obj
C:\gsl\src\gsl\1.8\gsl-1.8\VC8\libgsl\x64\Debug-DLL\bspline.obj
C:\gsl\src\gsl\1.8\gsl-1.8\VC8\libgsl\x64\Debug-DLL\calloc_range.obj
C:\gsl\src\gsl\1.8\gsl-1.8\VC8\libgsl\x64\Debug-DLL\calloc_range2d.obj
C:\gsl\src\gsl\1.8\gsl-1.8\VC8\libgsl\x64\Debug-DLL\canonical.obj
C:\gsl\src\gsl\1.8\gsl-1.8\VC8\libgsl\x64\Debug-DLL\cauchy.obj
C:\gsl\src\gsl\1.8\gsl-1.8\VC8\libgsl\x64\Debug-DLL\cauchy1.obj
C:\gsl\src\gsl\1.8\gsl-1.8\VC8\libgsl\x64\Debug-DLL\cauchyinv.obj
C:\gsl\src\gsl\1.8\gsl-1.8\VC8\libgsl\x64\Debug-DLL\chisq.obj
C:\gsl\src\gsl\1.8\gsl-1.8\VC8\libgsl\x64\Debug-DLL\chisq1.obj
C:\gsl\src\gsl\1.8\gsl-1.8\VC8\libgsl\x64\Debug-DLL\chisqinv.obj
C:\gsl\src\gsl\1.8\gsl-1.8\VC8\libgsl\x64\Debug-DLL\cholesky.obj
C:\gsl\src\gsl\1.8\gsl-1.8\VC8\libgsl\x64\Debug-DLL\clausen.obj
C:\gsl\src\gsl\1.8\gsl-1.8\VC8\libgsl\x64\Debug-DLL\cmrg.obj
C:\gsl\src\gsl\1.8\gsl-1.8\VC8\libgsl\x64\Debug-DLL\coerce.obj
C:\gsl\src\gsl\1.8\gsl-1.8\VC8\libgsl\x64\Debug-DLL\combination.obj
C:\gsl\src\gsl\1.8\gsl-1.8\VC8\libgsl\x64\Debug-DLL\conjugate_fr.obj
C:\gsl\src\gsl\1.8\gsl-1.8\VC8\libgsl\x64\Debug-DLL\conjugate_pr.obj
C:\gsl\src\gsl\1.8\gsl-1.8\VC8\libgsl\x64\Debug-DLL\control.obj
C:\gsl\src\gsl\1.8\gsl-1.8\VC8\libgsl\x64\Debug-DLL\convergence.obj
C:\gsl\src\gsl\1.8\gsl-1.8\VC8\libgsl\x64\Debug-DLL\convergence1.obj
C:\gsl\src\gsl\1.8\gsl-1.8\VC8\libgsl\x64\Debug-DLL\convergence2.obj
C:\gsl\src\gsl\1.8\gsl-1.8\VC8\libgsl\x64\Debug-DLL\convergence3.obj
C:\gsl\src\gsl\1.8\gsl-1.8\VC8\libgsl\x64\Debug-DLL\convergence4.obj
C:\gsl\src\gsl\1.8\gsl-1.8\VC8\libgsl\x64\Debug-DLL\copy.obj
C:\gsl\src\gsl\1.8\gsl-1.8\VC8\libgsl\x64\Debug-DLL\copy1.obj
C:\gsl\src\gsl\1.8\gsl-1.8\VC8\libgsl\x64\Debug-DLL\copy2.obj
C:\gsl\src\gsl\1.8\gsl-1.8\VC8\libgsl\x64\Debug-DLL\copy2d.obj
C:\gsl\src\gsl\1.8\gsl-1.8\VC8\libgsl\x64\Debug-DLL\coulomb.obj
C:\gsl\src\gsl\1.8\gsl-1.8\VC8\libgsl\x64\Debug-DLL\coulomb_bound.obj
C:\gsl\src\gsl\1.8\gsl-1.8\VC8\libgsl\x64\Debug-DLL\coupling.obj
C:\gsl\src\gsl\1.8\gsl-1.8\VC8\libgsl\x64\Debug-DLL\covar.obj
C:\gsl\src\gsl\1.8\gsl-1.8\VC8\libgsl\x64\Debug-DLL\covariance.obj
C:\gsl\src\gsl\1.8\gsl-1.8\VC8\libgsl\x64\Debug-DLL\coveyou.obj
C:\gsl\src\gsl\1.8\gsl-1.8\VC8\libgsl\x64\Debug-DLL\cscal.obj
C:\gsl\src\gsl\1.8\gsl-1.8\VC8\libgsl\x64\Debug-DLL\cspline.obj
C:\gsl\src\gsl\1.8\gsl-1.8\VC8\libgsl\x64\Debug-DLL\cstd.obj
C:\gsl\src\gsl\1.8\gsl-1.8\VC8\libgsl\x64\Debug-DLL\daubechies.obj
C:\gsl\src\gsl\1.8\gsl-1.8\VC8\libgsl\x64\Debug-DLL\dawson.obj
C:\gsl\src\gsl\1.8\gsl-1.8\VC8\libgsl\x64\Debug-DLL\dd.obj
C:\gsl\src\gsl\1.8\gsl-1.8\VC8\libgsl\x64\Debug-DLL\debye.obj
C:\gsl\src\gsl\1.8\gsl-1.8\VC8\libgsl\x64\Debug-DLL\default.obj
C:\gsl\src\gsl\1.8\gsl-1.8\VC8\libgsl\x64\Debug-DLL\deriv.obj
C:\gsl\src\gsl\1.8\gsl-1.8\VC8\libgsl\x64\Debug-DLL\deriv1.obj
C:\gsl\src\gsl\1.8\gsl-1.8\VC8\libgsl\x64\Debug-DLL\dft.obj
C:\gsl\src\gsl\1.8\gsl-1.8\VC8\libgsl\x64\Debug-DLL\dht.obj
C:\gsl\src\gsl\1.8\gsl-1.8\VC8\libgsl\x64\Debug-DLL\diff.obj
C:\gsl\src\gsl\1.8\gsl-1.8\VC8\libgsl\x64\Debug-DLL\diff1.obj
C:\gsl\src\gsl\1.8\gsl-1.8\VC8\libgsl\x64\Debug-DLL\dilog.obj
C:\gsl\src\gsl\1.8\gsl-1.8\VC8\libgsl\x64\Debug-DLL\dirichlet.obj
C:\gsl\src\gsl\1.8\gsl-1.8\VC8\libgsl\x64\Debug-DLL\discrete.obj
C:\gsl\src\gsl\1.8\gsl-1.8\VC8\libgsl\x64\Debug-DLL\dnewton.obj
C:\gsl\src\gsl\1.8\gsl-1.8\VC8\libgsl\x64\Debug-DLL\dwt.obj
C:\gsl\src\gsl\1.8\gsl-1.8\VC8\libgsl\x64\Debug-DLL\elementary.obj
C:\gsl\src\gsl\1.8\gsl-1.8\VC8\libgsl\x64\Debug-DLL\ellint.obj
C:\gsl\src\gsl\1.8\gsl-1.8\VC8\libgsl\x64\Debug-DLL\elljac.obj
C:\gsl\src\gsl\1.8\gsl-1.8\VC8\libgsl\x64\Debug-DLL\env.obj
C:\gsl\src\gsl\1.8\gsl-1.8\VC8\libgsl\x64\Debug-DLL\erfc.obj
C:\gsl\src\gsl\1.8\gsl-1.8\VC8\libgsl\x64\Debug-DLL\erlang.obj
C:\gsl\src\gsl\1.8\gsl-1.8\VC8\libgsl\x64\Debug-DLL\error.obj
C:\gsl\src\gsl\1.8\gsl-1.8\VC8\libgsl\x64\Debug-DLL\eval.obj
C:\gsl\src\gsl\1.8\gsl-1.8\VC8\libgsl\x64\Debug-DLL\eval1.obj
C:\gsl\src\gsl\1.8\gsl-1.8\VC8\libgsl\x64\Debug-DLL\evolve.obj
C:\gsl\src\gsl\1.8\gsl-1.8\VC8\libgsl\x64\Debug-DLL\exp.obj
C:\gsl\src\gsl\1.8\gsl-1.8\VC8\libgsl\x64\Debug-DLL\expint.obj
C:\gsl\src\gsl\1.8\gsl-1.8\VC8\libgsl\x64\Debug-DLL\expint3.obj
C:\gsl\src\gsl\1.8\gsl-1.8\VC8\libgsl\x64\Debug-DLL\expm1.obj
C:\gsl\src\gsl\1.8\gsl-1.8\VC8\libgsl\x64\Debug-DLL\exponential.obj
C:\gsl\src\gsl\1.8\gsl-1.8\VC8\libgsl\x64\Debug-DLL\exponential1.obj
C:\gsl\src\gsl\1.8\gsl-1.8\VC8\libgsl\x64\Debug-DLL\exponential2.obj
C:\gsl\src\gsl\1.8\gsl-1.8\VC8\libgsl\x64\Debug-DLL\exponentialinv.obj
C:\gsl\src\gsl\1.8\gsl-1.8\VC8\libgsl\x64\Debug-DLL\exppow.obj
C:\gsl\src\gsl\1.8\gsl-1.8\VC8\libgsl\x64\Debug-DLL\exppow1.obj
C:\gsl\src\gsl\1.8\gsl-1.8\VC8\libgsl\x64\Debug-DLL\falsepos.obj
C:\gsl\src\gsl\1.8\gsl-1.8\VC8\libgsl\x64\Debug-DLL\fcmp.obj
C:\gsl\src\gsl\1.8\gsl-1.8\VC8\libgsl\x64\Debug-DLL\fdfminimizer.obj
C:\gsl\src\gsl\1.8\gsl-1.8\VC8\libgsl\x64\Debug-DLL\fdfsolver.obj
C:\gsl\src\gsl\1.8\gsl-1.8\VC8\libgsl\x64\Debug-DLL\fdfsolver1.obj
C:\gsl\src\gsl\1.8\gsl-1.8\VC8\libgsl\x64\Debug-DLL\fdfsolver2.obj
C:\gsl\src\gsl\1.8\gsl-1.8\VC8\libgsl\x64\Debug-DLL\fdist.obj
C:\gsl\src\gsl\1.8\gsl-1.8\VC8\libgsl\x64\Debug-DLL\fdist1.obj
C:\gsl\src\gsl\1.8\gsl-1.8\VC8\libgsl\x64\Debug-DLL\fdistinv.obj
C:\gsl\src\gsl\1.8\gsl-1.8\VC8\libgsl\x64\Debug-DLL\fdiv.obj
C:\gsl\src\gsl\1.8\gsl-1.8\VC8\libgsl\x64\Debug-DLL\fdjac.obj
C:\gsl\src\gsl\1.8\gsl-1.8\VC8\libgsl\x64\Debug-DLL\fermi_dirac.obj
C:\gsl\src\gsl\1.8\gsl-1.8\VC8\libgsl\x64\Debug-DLL\fft.obj
C:\gsl\src\gsl\1.8\gsl-1.8\VC8\libgsl\x64\Debug-DLL\file.obj
C:\gsl\src\gsl\1.8\gsl-1.8\VC8\libgsl\x64\Debug-DLL\file1.obj
C:\gsl\src\gsl\1.8\gsl-1.8\VC8\libgsl\x64\Debug-DLL\file2.obj
C:\gsl\src\gsl\1.8\gsl-1.8\VC8\libgsl\x64\Debug-DLL\file2d.obj
C:\gsl\src\gsl\1.8\gsl-1.8\VC8\libgsl\x64\Debug-DLL\file3.obj
C:\gsl\src\gsl\1.8\gsl-1.8\VC8\libgsl\x64\Debug-DLL\file4.obj
C:\gsl\src\gsl\1.8\gsl-1.8\VC8\libgsl\x64\Debug-DLL\file5.obj
C:\gsl\src\gsl\1.8\gsl-1.8\VC8\libgsl\x64\Debug-DLL\file6.obj
C:\gsl\src\gsl\1.8\gsl-1.8\VC8\libgsl\x64\Debug-DLL\fishman18.obj
C:\gsl\src\gsl\1.8\gsl-1.8\VC8\libgsl\x64\Debug-DLL\fishman20.obj
C:\gsl\src\gsl\1.8\gsl-1.8\VC8\libgsl\x64\Debug-DLL\fishman2x.obj
C:\gsl\src\gsl\1.8\gsl-1.8\VC8\libgsl\x64\Debug-DLL\flat.obj
C:\gsl\src\gsl\1.8\gsl-1.8\VC8\libgsl\x64\Debug-DLL\flat1.obj
C:\gsl\src\gsl\1.8\gsl-1.8\VC8\libgsl\x64\Debug-DLL\flatinv.obj
C:\gsl\src\gsl\1.8\gsl-1.8\VC8\libgsl\x64\Debug-DLL\fminimizer.obj
C:\gsl\src\gsl\1.8\gsl-1.8\VC8\libgsl\x64\Debug-DLL\fp.obj
C:\gsl\src\gsl\1.8\gsl-1.8\VC8\libgsl\x64\Debug-DLL\fsolver.obj
C:\gsl\src\gsl\1.8\gsl-1.8\VC8\libgsl\x64\Debug-DLL\fsolver1.obj
C:\gsl\src\gsl\1.8\gsl-1.8\VC8\libgsl\x64\Debug-DLL\fsolver2.obj
C:\gsl\src\gsl\1.8\gsl-1.8\VC8\libgsl\x64\Debug-DLL\fsolver3.obj
C:\gsl\src\gsl\1.8\gsl-1.8\VC8\libgsl\x64\Debug-DLL\gamma.obj
C:\gsl\src\gsl\1.8\gsl-1.8\VC8\libgsl\x64\Debug-DLL\gamma1.obj
C:\gsl\src\gsl\1.8\gsl-1.8\VC8\libgsl\x64\Debug-DLL\gamma2.obj
C:\gsl\src\gsl\1.8\gsl-1.8\VC8\libgsl\x64\Debug-DLL\gammainv.obj
C:\gsl\src\gsl\1.8\gsl-1.8\VC8\libgsl\x64\Debug-DLL\gamma_inc.obj
C:\gsl\src\gsl\1.8\gsl-1.8\VC8\libgsl\x64\Debug-DLL\gauss.obj
C:\gsl\src\gsl\1.8\gsl-1.8\VC8\libgsl\x64\Debug-DLL\gauss1.obj
C:\gsl\src\gsl\1.8\gsl-1.8\VC8\libgsl\x64\Debug-DLL\gaussinv.obj
C:\gsl\src\gsl\1.8\gsl-1.8\VC8\libgsl\x64\Debug-DLL\gausstail.obj
C:\gsl\src\gsl\1.8\gsl-1.8\VC8\libgsl\x64\Debug-DLL\gausszig.obj
C:\gsl\src\gsl\1.8\gsl-1.8\VC8\libgsl\x64\Debug-DLL\gear1.obj
C:\gsl\src\gsl\1.8\gsl-1.8\VC8\libgsl\x64\Debug-DLL\gear2.obj
C:\gsl\src\gsl\1.8\gsl-1.8\VC8\libgsl\x64\Debug-DLL\gegenbauer.obj
C:\gsl\src\gsl\1.8\gsl-1.8\VC8\libgsl\x64\Debug-DLL\geometric.obj
C:\gsl\src\gsl\1.8\gsl-1.8\VC8\libgsl\x64\Debug-DLL\geometric1.obj
C:\gsl\src\gsl\1.8\gsl-1.8\VC8\libgsl\x64\Debug-DLL\get.obj
C:\gsl\src\gsl\1.8\gsl-1.8\VC8\libgsl\x64\Debug-DLL\get2d.obj
C:\gsl\src\gsl\1.8\gsl-1.8\VC8\libgsl\x64\Debug-DLL\getset.obj
C:\gsl\src\gsl\1.8\gsl-1.8\VC8\libgsl\x64\Debug-DLL\gfsr4.obj
C:\gsl\src\gsl\1.8\gsl-1.8\VC8\libgsl\x64\Debug-DLL\gnewton.obj
C:\gsl\src\gsl\1.8\gsl-1.8\VC8\libgsl\x64\Debug-DLL\golden.obj
C:\gsl\src\gsl\1.8\gsl-1.8\VC8\libgsl\x64\Debug-DLL\gradient.obj
C:\gsl\src\gsl\1.8\gsl-1.8\VC8\libgsl\x64\Debug-DLL\gumbel.obj
C:\gsl\src\gsl\1.8\gsl-1.8\VC8\libgsl\x64\Debug-DLL\gumbel1.obj
C:\gsl\src\gsl\1.8\gsl-1.8\VC8\libgsl\x64\Debug-DLL\gumbel1inv.obj
C:\gsl\src\gsl\1.8\gsl-1.8\VC8\libgsl\x64\Debug-DLL\gumbel2.obj
C:\gsl\src\gsl\1.8\gsl-1.8\VC8\libgsl\x64\Debug-DLL\gumbel2inv.obj
C:\gsl\src\gsl\1.8\gsl-1.8\VC8\libgsl\x64\Debug-DLL\haar.obj
C:\gsl\src\gsl\1.8\gsl-1.8\VC8\libgsl\x64\Debug-DLL\herm.obj
C:\gsl\src\gsl\1.8\gsl-1.8\VC8\libgsl\x64\Debug-DLL\hermtd.obj
C:\gsl\src\gsl\1.8\gsl-1.8\VC8\libgsl\x64\Debug-DLL\hermv.obj
C:\gsl\src\gsl\1.8\gsl-1.8\VC8\libgsl\x64\Debug-DLL\hh.obj
C:\gsl\src\gsl\1.8\gsl-1.8\VC8\libgsl\x64\Debug-DLL\householder.obj
C:\gsl\src\gsl\1.8\gsl-1.8\VC8\libgsl\x64\Debug-DLL\householdercomplex.obj
C:\gsl\src\gsl\1.8\gsl-1.8\VC8\libgsl\x64\Debug-DLL\hybrid.obj
C:\gsl\src\gsl\1.8\gsl-1.8\VC8\libgsl\x64\Debug-DLL\hybridj.obj
C:\gsl\src\gsl\1.8\gsl-1.8\VC8\libgsl\x64\Debug-DLL\hyperg.obj
C:\gsl\src\gsl\1.8\gsl-1.8\VC8\libgsl\x64\Debug-DLL\hyperg1.obj
C:\gsl\src\gsl\1.8\gsl-1.8\VC8\libgsl\x64\Debug-DLL\hypergeometric.obj
C:\gsl\src\gsl\1.8\gsl-1.8\VC8\libgsl\x64\Debug-DLL\hyperg_0F1.obj
C:\gsl\src\gsl\1.8\gsl-1.8\VC8\libgsl\x64\Debug-DLL\hyperg_1F1.obj
C:\gsl\src\gsl\1.8\gsl-1.8\VC8\libgsl\x64\Debug-DLL\hyperg_2F0.obj
C:\gsl\src\gsl\1.8\gsl-1.8\VC8\libgsl\x64\Debug-DLL\hyperg_2F1.obj
C:\gsl\src\gsl\1.8\gsl-1.8\VC8\libgsl\x64\Debug-DLL\hyperg_U.obj
C:\gsl\src\gsl\1.8\gsl-1.8\VC8\libgsl\x64\Debug-DLL\hypot.obj
C:\gsl\src\gsl\1.8\gsl-1.8\VC8\libgsl\x64\Debug-DLL\infnan.obj
C:\gsl\src\gsl\1.8\gsl-1.8\VC8\libgsl\x64\Debug-DLL\init.obj
C:\gsl\src\gsl\1.8\gsl-1.8\VC8\libgsl\x64\Debug-DLL\init1.obj
C:\gsl\src\gsl\1.8\gsl-1.8\VC8\libgsl\x64\Debug-DLL\init2.obj
C:\gsl\src\gsl\1.8\gsl-1.8\VC8\libgsl\x64\Debug-DLL\init2d.obj
C:\gsl\src\gsl\1.8\gsl-1.8\VC8\libgsl\x64\Debug-DLL\init3.obj
C:\gsl\src\gsl\1.8\gsl-1.8\VC8\libgsl\x64\Debug-DLL\init4.obj
C:\gsl\src\gsl\1.8\gsl-1.8\VC8\libgsl\x64\Debug-DLL\init5.obj
C:\gsl\src\gsl\1.8\gsl-1.8\VC8\libgsl\x64\Debug-DLL\init6.obj
C:\gsl\src\gsl\1.8\gsl-1.8\VC8\libgsl\x64\Debug-DLL\integ.obj
C:\gsl\src\gsl\1.8\gsl-1.8\VC8\libgsl\x64\Debug-DLL\interp.obj
C:\gsl\src\gsl\1.8\gsl-1.8\VC8\libgsl\x64\Debug-DLL\invhyp.obj
C:\gsl\src\gsl\1.8\gsl-1.8\VC8\libgsl\x64\Debug-DLL\jacobi.obj
C:\gsl\src\gsl\1.8\gsl-1.8\VC8\libgsl\x64\Debug-DLL\knuthran.obj
C:\gsl\src\gsl\1.8\gsl-1.8\VC8\libgsl\x64\Debug-DLL\knuthran2.obj
C:\gsl\src\gsl\1.8\gsl-1.8\VC8\libgsl\x64\Debug-DLL\kurtosis.obj
C:\gsl\src\gsl\1.8\gsl-1.8\VC8\libgsl\x64\Debug-DLL\lag1.obj
C:\gsl\src\gsl\1.8\gsl-1.8\VC8\libgsl\x64\Debug-DLL\laguerre.obj
C:\gsl\src\gsl\1.8\gsl-1.8\VC8\libgsl\x64\Debug-DLL\lambert.obj
C:\gsl\src\gsl\1.8\gsl-1.8\VC8\libgsl\x64\Debug-DLL\landau.obj
C:\gsl\src\gsl\1.8\gsl-1.8\VC8\libgsl\x64\Debug-DLL\laplace.obj
C:\gsl\src\gsl\1.8\gsl-1.8\VC8\libgsl\x64\Debug-DLL\laplace1.obj
C:\gsl\src\gsl\1.8\gsl-1.8\VC8\libgsl\x64\Debug-DLL\laplaceinv.obj
C:\gsl\src\gsl\1.8\gsl-1.8\VC8\libgsl\x64\Debug-DLL\ldfrexp.obj
C:\gsl\src\gsl\1.8\gsl-1.8\VC8\libgsl\x64\Debug-DLL\lecuyer21.obj
C:\gsl\src\gsl\1.8\gsl-1.8\VC8\libgsl\x64\Debug-DLL\legendre_con.obj
C:\gsl\src\gsl\1.8\gsl-1.8\VC8\libgsl\x64\Debug-DLL\legendre_H3d.obj
C:\gsl\src\gsl\1.8\gsl-1.8\VC8\libgsl\x64\Debug-DLL\legendre_poly.obj
C:\gsl\src\gsl\1.8\gsl-1.8\VC8\libgsl\x64\Debug-DLL\legendre_Qn.obj
C:\gsl\src\gsl\1.8\gsl-1.8\VC8\libgsl\x64\Debug-DLL\levin_u.obj
C:\gsl\src\gsl\1.8\gsl-1.8\VC8\libgsl\x64\Debug-DLL\levin_utrunc.obj
C:\gsl\src\gsl\1.8\gsl-1.8\VC8\libgsl\x64\Debug-DLL\levy.obj
C:\gsl\src\gsl\1.8\gsl-1.8\VC8\libgsl\x64\Debug-DLL\linear.obj
C:\gsl\src\gsl\1.8\gsl-1.8\VC8\libgsl\x64\Debug-DLL\linear1.obj
C:\gsl\src\gsl\1.8\gsl-1.8\VC8\libgsl\x64\Debug-DLL\lmder.obj
C:\gsl\src\gsl\1.8\gsl-1.8\VC8\libgsl\x64\Debug-DLL\log.obj
C:\gsl\src\gsl\1.8\gsl-1.8\VC8\libgsl\x64\Debug-DLL\log1p.obj
C:\gsl\src\gsl\1.8\gsl-1.8\VC8\libgsl\x64\Debug-DLL\logarithmic.obj
C:\gsl\src\gsl\1.8\gsl-1.8\VC8\libgsl\x64\Debug-DLL\logistic.obj
C:\gsl\src\gsl\1.8\gsl-1.8\VC8\libgsl\x64\Debug-DLL\logistic1.obj
C:\gsl\src\gsl\1.8\gsl-1.8\VC8\libgsl\x64\Debug-DLL\logisticinv.obj
C:\gsl\src\gsl\1.8\gsl-1.8\VC8\libgsl\x64\Debug-DLL\lognormal.obj
C:\gsl\src\gsl\1.8\gsl-1.8\VC8\libgsl\x64\Debug-DLL\lognormal1.obj
C:\gsl\src\gsl\1.8\gsl-1.8\VC8\libgsl\x64\Debug-DLL\lognormalinv.obj
C:\gsl\src\gsl\1.8\gsl-1.8\VC8\libgsl\x64\Debug-DLL\lq.obj
C:\gsl\src\gsl\1.8\gsl-1.8\VC8\libgsl\x64\Debug-DLL\lu.obj
C:\gsl\src\gsl\1.8\gsl-1.8\VC8\libgsl\x64\Debug-DLL\luc.obj
C:\gsl\src\gsl\1.8\gsl-1.8\VC8\libgsl\x64\Debug-DLL\make_rep.obj
C:\gsl\src\gsl\1.8\gsl-1.8\VC8\libgsl\x64\Debug-DLL\math.obj
C:\gsl\src\gsl\1.8\gsl-1.8\VC8\libgsl\x64\Debug-DLL\matrix.obj
C:\gsl\src\gsl\1.8\gsl-1.8\VC8\libgsl\x64\Debug-DLL\maxval.obj
C:\gsl\src\gsl\1.8\gsl-1.8\VC8\libgsl\x64\Debug-DLL\maxval2d.obj
C:\gsl\src\gsl\1.8\gsl-1.8\VC8\libgsl\x64\Debug-DLL\mean.obj
C:\gsl\src\gsl\1.8\gsl-1.8\VC8\libgsl\x64\Debug-DLL\median.obj
C:\gsl\src\gsl\1.8\gsl-1.8\VC8\libgsl\x64\Debug-DLL\message.obj
C:\gsl\src\gsl\1.8\gsl-1.8\VC8\libgsl\x64\Debug-DLL\minmax.obj
C:\gsl\src\gsl\1.8\gsl-1.8\VC8\libgsl\x64\Debug-DLL\minmax1.obj
C:\gsl\src\gsl\1.8\gsl-1.8\VC8\libgsl\x64\Debug-DLL\minmax2.obj
C:\gsl\src\gsl\1.8\gsl-1.8\VC8\libgsl\x64\Debug-DLL\minmax3.obj
C:\gsl\src\gsl\1.8\gsl-1.8\VC8\libgsl\x64\Debug-DLL\minstd.obj
C:\gsl\src\gsl\1.8\gsl-1.8\VC8\libgsl\x64\Debug-DLL\miser.obj
C:\gsl\src\gsl\1.8\gsl-1.8\VC8\libgsl\x64\Debug-DLL\mrg.obj
C:\gsl\src\gsl\1.8\gsl-1.8\VC8\libgsl\x64\Debug-DLL\mt.obj
C:\gsl\src\gsl\1.8\gsl-1.8\VC8\libgsl\x64\Debug-DLL\multilinear.obj
C:\gsl\src\gsl\1.8\gsl-1.8\VC8\libgsl\x64\Debug-DLL\multinomial.obj
C:\gsl\src\gsl\1.8\gsl-1.8\VC8\libgsl\x64\Debug-DLL\multiply.obj
C:\gsl\src\gsl\1.8\gsl-1.8\VC8\libgsl\x64\Debug-DLL\nbinomial.obj
C:\gsl\src\gsl\1.8\gsl-1.8\VC8\libgsl\x64\Debug-DLL\nbinomial1.obj
C:\gsl\src\gsl\1.8\gsl-1.8\VC8\libgsl\x64\Debug-DLL\newton.obj
C:\gsl\src\gsl\1.8\gsl-1.8\VC8\libgsl\x64\Debug-DLL\newton1.obj
C:\gsl\src\gsl\1.8\gsl-1.8\VC8\libgsl\x64\Debug-DLL\niederreiter-2.obj
C:\gsl\src\gsl\1.8\gsl-1.8\VC8\libgsl\x64\Debug-DLL\ntuple.obj
C:\gsl\src\gsl\1.8\gsl-1.8\VC8\libgsl\x64\Debug-DLL\oper.obj
C:\gsl\src\gsl\1.8\gsl-1.8\VC8\libgsl\x64\Debug-DLL\oper1.obj
C:\gsl\src\gsl\1.8\gsl-1.8\VC8\libgsl\x64\Debug-DLL\oper2.obj
C:\gsl\src\gsl\1.8\gsl-1.8\VC8\libgsl\x64\Debug-DLL\oper2d.obj
C:\gsl\src\gsl\1.8\gsl-1.8\VC8\libgsl\x64\Debug-DLL\params.obj
C:\gsl\src\gsl\1.8\gsl-1.8\VC8\libgsl\x64\Debug-DLL\params2d.obj
C:\gsl\src\gsl\1.8\gsl-1.8\VC8\libgsl\x64\Debug-DLL\pareto.obj
C:\gsl\src\gsl\1.8\gsl-1.8\VC8\libgsl\x64\Debug-DLL\pareto1.obj
C:\gsl\src\gsl\1.8\gsl-1.8\VC8\libgsl\x64\Debug-DLL\paretoinv.obj
C:\gsl\src\gsl\1.8\gsl-1.8\VC8\libgsl\x64\Debug-DLL\pascal.obj
C:\gsl\src\gsl\1.8\gsl-1.8\VC8\libgsl\x64\Debug-DLL\pascal1.obj
C:\gsl\src\gsl\1.8\gsl-1.8\VC8\libgsl\x64\Debug-DLL\pdf.obj
C:\gsl\src\gsl\1.8\gsl-1.8\VC8\libgsl\x64\Debug-DLL\pdf2d.obj
C:\gsl\src\gsl\1.8\gsl-1.8\VC8\libgsl\x64\Debug-DLL\permutation.obj
C:\gsl\src\gsl\1.8\gsl-1.8\VC8\libgsl\x64\Debug-DLL\permute.obj
C:\gsl\src\gsl\1.8\gsl-1.8\VC8\libgsl\x64\Debug-DLL\placeholder.obj
C:\gsl\src\gsl\1.8\gsl-1.8\VC8\libgsl\x64\Debug-DLL\plain.obj
C:\gsl\src\gsl\1.8\gsl-1.8\VC8\libgsl\x64\Debug-DLL\poch.obj
C:\gsl\src\gsl\1.8\gsl-1.8\VC8\libgsl\x64\Debug-DLL\poisson.obj
C:\gsl\src\gsl\1.8\gsl-1.8\VC8\libgsl\x64\Debug-DLL\poisson1.obj
C:\gsl\src\gsl\1.8\gsl-1.8\VC8\libgsl\x64\Debug-DLL\poly.obj
C:\gsl\src\gsl\1.8\gsl-1.8\VC8\libgsl\x64\Debug-DLL\pow_int.obj
C:\gsl\src\gsl\1.8\gsl-1.8\VC8\libgsl\x64\Debug-DLL\pow_int1.obj
C:\gsl\src\gsl\1.8\gsl-1.8\VC8\libgsl\x64\Debug-DLL\prec.obj
C:\gsl\src\gsl\1.8\gsl-1.8\VC8\libgsl\x64\Debug-DLL\print.obj
C:\gsl\src\gsl\1.8\gsl-1.8\VC8\libgsl\x64\Debug-DLL\prop.obj
C:\gsl\src\gsl\1.8\gsl-1.8\VC8\libgsl\x64\Debug-DLL\prop1.obj
C:\gsl\src\gsl\1.8\gsl-1.8\VC8\libgsl\x64\Debug-DLL\psi.obj
C:\gsl\src\gsl\1.8\gsl-1.8\VC8\libgsl\x64\Debug-DLL\ptlq.obj
C:\gsl\src\gsl\1.8\gsl-1.8\VC8\libgsl\x64\Debug-DLL\p_variance.obj
C:\gsl\src\gsl\1.8\gsl-1.8\VC8\libgsl\x64\Debug-DLL\qag.obj
C:\gsl\src\gsl\1.8\gsl-1.8\VC8\libgsl\x64\Debug-DLL\qagp.obj
C:\gsl\src\gsl\1.8\gsl-1.8\VC8\libgsl\x64\Debug-DLL\qags.obj
C:\gsl\src\gsl\1.8\gsl-1.8\VC8\libgsl\x64\Debug-DLL\qawc.obj
C:\gsl\src\gsl\1.8\gsl-1.8\VC8\libgsl\x64\Debug-DLL\qawf.obj
C:\gsl\src\gsl\1.8\gsl-1.8\VC8\libgsl\x64\Debug-DLL\qawo.obj
C:\gsl\src\gsl\1.8\gsl-1.8\VC8\libgsl\x64\Debug-DLL\qaws.obj
C:\gsl\src\gsl\1.8\gsl-1.8\VC8\libgsl\x64\Debug-DLL\qcheb.obj
C:\gsl\src\gsl\1.8\gsl-1.8\VC8\libgsl\x64\Debug-DLL\qk.obj
C:\gsl\src\gsl\1.8\gsl-1.8\VC8\libgsl\x64\Debug-DLL\qk15.obj
C:\gsl\src\gsl\1.8\gsl-1.8\VC8\libgsl\x64\Debug-DLL\qk21.obj
C:\gsl\src\gsl\1.8\gsl-1.8\VC8\libgsl\x64\Debug-DLL\qk31.obj
C:\gsl\src\gsl\1.8\gsl-1.8\VC8\libgsl\x64\Debug-DLL\qk41.obj
C:\gsl\src\gsl\1.8\gsl-1.8\VC8\libgsl\x64\Debug-DLL\qk51.obj
C:\gsl\src\gsl\1.8\gsl-1.8\VC8\libgsl\x64\Debug-DLL\qk61.obj
C:\gsl\src\gsl\1.8\gsl-1.8\VC8\libgsl\x64\Debug-DLL\qmomo.obj
C:\gsl\src\gsl\1.8\gsl-1.8\VC8\libgsl\x64\Debug-DLL\qmomof.obj
C:\gsl\src\gsl\1.8\gsl-1.8\VC8\libgsl\x64\Debug-DLL\qng.obj
C:\gsl\src\gsl\1.8\gsl-1.8\VC8\libgsl\x64\Debug-DLL\qr.obj
C:\gsl\src\gsl\1.8\gsl-1.8\VC8\libgsl\x64\Debug-DLL\qrng.obj
C:\gsl\src\gsl\1.8\gsl-1.8\VC8\libgsl\x64\Debug-DLL\qrpt.obj
C:\gsl\src\gsl\1.8\gsl-1.8\VC8\libgsl\x64\Debug-DLL\quantiles.obj
C:\gsl\src\gsl\1.8\gsl-1.8\VC8\libgsl\x64\Debug-DLL\r250.obj
C:\gsl\src\gsl\1.8\gsl-1.8\VC8\libgsl\x64\Debug-DLL\ran0.obj
C:\gsl\src\gsl\1.8\gsl-1.8\VC8\libgsl\x64\Debug-DLL\ran1.obj
C:\gsl\src\gsl\1.8\gsl-1.8\VC8\libgsl\x64\Debug-DLL\ran2.obj
C:\gsl\src\gsl\1.8\gsl-1.8\VC8\libgsl\x64\Debug-DLL\ran3.obj
C:\gsl\src\gsl\1.8\gsl-1.8\VC8\libgsl\x64\Debug-DLL\rand.obj
C:\gsl\src\gsl\1.8\gsl-1.8\VC8\libgsl\x64\Debug-DLL\rand48.obj
C:\gsl\src\gsl\1.8\gsl-1.8\VC8\libgsl\x64\Debug-DLL\random.obj
C:\gsl\src\gsl\1.8\gsl-1.8\VC8\libgsl\x64\Debug-DLL\randu.obj
C:\gsl\src\gsl\1.8\gsl-1.8\VC8\libgsl\x64\Debug-DLL\ranf.obj
C:\gsl\src\gsl\1.8\gsl-1.8\VC8\libgsl\x64\Debug-DLL\ranlux.obj
C:\gsl\src\gsl\1.8\gsl-1.8\VC8\libgsl\x64\Debug-DLL\ranlxd.obj
C:\gsl\src\gsl\1.8\gsl-1.8\VC8\libgsl\x64\Debug-DLL\ranlxs.obj
C:\gsl\src\gsl\1.8\gsl-1.8\VC8\libgsl\x64\Debug-DLL\ranmar.obj
C:\gsl\src\gsl\1.8\gsl-1.8\VC8\libgsl\x64\Debug-DLL\rayleigh.obj
C:\gsl\src\gsl\1.8\gsl-1.8\VC8\libgsl\x64\Debug-DLL\rayleigh1.obj
C:\gsl\src\gsl\1.8\gsl-1.8\VC8\libgsl\x64\Debug-DLL\rayleighinv.obj
C:\gsl\src\gsl\1.8\gsl-1.8\VC8\libgsl\x64\Debug-DLL\read.obj
C:\gsl\src\gsl\1.8\gsl-1.8\VC8\libgsl\x64\Debug-DLL\reim.obj
C:\gsl\src\gsl\1.8\gsl-1.8\VC8\libgsl\x64\Debug-DLL\reset.obj
C:\gsl\src\gsl\1.8\gsl-1.8\VC8\libgsl\x64\Debug-DLL\reset2d.obj
C:\gsl\src\gsl\1.8\gsl-1.8\VC8\libgsl\x64\Debug-DLL\result.obj
C:\gsl\src\gsl\1.8\gsl-1.8\VC8\libgsl\x64\Debug-DLL\results.obj
C:\gsl\src\gsl\1.8\gsl-1.8\VC8\libgsl\x64\Debug-DLL\rk2.obj
C:\gsl\src\gsl\1.8\gsl-1.8\VC8\libgsl\x64\Debug-DLL\rk2imp.obj
C:\gsl\src\gsl\1.8\gsl-1.8\VC8\libgsl\x64\Debug-DLL\rk2simp.obj
C:\gsl\src\gsl\1.8\gsl-1.8\VC8\libgsl\x64\Debug-DLL\rk4.obj
C:\gsl\src\gsl\1.8\gsl-1.8\VC8\libgsl\x64\Debug-DLL\rk4imp.obj
C:\gsl\src\gsl\1.8\gsl-1.8\VC8\libgsl\x64\Debug-DLL\rk8pd.obj
C:\gsl\src\gsl\1.8\gsl-1.8\VC8\libgsl\x64\Debug-DLL\rkck.obj
C:\gsl\src\gsl\1.8\gsl-1.8\VC8\libgsl\x64\Debug-DLL\rkf45.obj
C:\gsl\src\gsl\1.8\gsl-1.8\VC8\libgsl\x64\Debug-DLL\rng.obj
C:\gsl\src\gsl\1.8\gsl-1.8\VC8\libgsl\x64\Debug-DLL\rowcol.obj
C:\gsl\src\gsl\1.8\gsl-1.8\VC8\libgsl\x64\Debug-DLL\secant.obj
C:\gsl\src\gsl\1.8\gsl-1.8\VC8\libgsl\x64\Debug-DLL\shint.obj
C:\gsl\src\gsl\1.8\gsl-1.8\VC8\libgsl\x64\Debug-DLL\shuffle.obj
C:\gsl\src\gsl\1.8\gsl-1.8\VC8\libgsl\x64\Debug-DLL\siman.obj
C:\gsl\src\gsl\1.8\gsl-1.8\VC8\libgsl\x64\Debug-DLL\simplex.obj
C:\gsl\src\gsl\1.8\gsl-1.8\VC8\libgsl\x64\Debug-DLL\sinint.obj
C:\gsl\src\gsl\1.8\gsl-1.8\VC8\libgsl\x64\Debug-DLL\skew.obj
C:\gsl\src\gsl\1.8\gsl-1.8\VC8\libgsl\x64\Debug-DLL\slatec.obj
C:\gsl\src\gsl\1.8\gsl-1.8\VC8\libgsl\x64\Debug-DLL\sobol.obj
C:\gsl\src\gsl\1.8\gsl-1.8\VC8\libgsl\x64\Debug-DLL\solve_cubic.obj
C:\gsl\src\gsl\1.8\gsl-1.8\VC8\libgsl\x64\Debug-DLL\solve_quadratic.obj
C:\gsl\src\gsl\1.8\gsl-1.8\VC8\libgsl\x64\Debug-DLL\sort.obj
C:\gsl\src\gsl\1.8\gsl-1.8\VC8\libgsl\x64\Debug-DLL\sort1.obj
C:\gsl\src\gsl\1.8\gsl-1.8\VC8\libgsl\x64\Debug-DLL\sortind.obj
C:\gsl\src\gsl\1.8\gsl-1.8\VC8\libgsl\x64\Debug-DLL\sortvec.obj
C:\gsl\src\gsl\1.8\gsl-1.8\VC8\libgsl\x64\Debug-DLL\sortvecind.obj
C:\gsl\src\gsl\1.8\gsl-1.8\VC8\libgsl\x64\Debug-DLL\sphere.obj
C:\gsl\src\gsl\1.8\gsl-1.8\VC8\libgsl\x64\Debug-DLL\spline.obj
C:\gsl\src\gsl\1.8\gsl-1.8\VC8\libgsl\x64\Debug-DLL\stat.obj
C:\gsl\src\gsl\1.8\gsl-1.8\VC8\libgsl\x64\Debug-DLL\stat2d.obj
C:\gsl\src\gsl\1.8\gsl-1.8\VC8\libgsl\x64\Debug-DLL\steepest_descent.obj
C:\gsl\src\gsl\1.8\gsl-1.8\VC8\libgsl\x64\Debug-DLL\steffenson.obj
C:\gsl\src\gsl\1.8\gsl-1.8\VC8\libgsl\x64\Debug-DLL\step.obj
C:\gsl\src\gsl\1.8\gsl-1.8\VC8\libgsl\x64\Debug-DLL\stream.obj
C:\gsl\src\gsl\1.8\gsl-1.8\VC8\libgsl\x64\Debug-DLL\strerror.obj
C:\gsl\src\gsl\1.8\gsl-1.8\VC8\libgsl\x64\Debug-DLL\submatrix.obj
C:\gsl\src\gsl\1.8\gsl-1.8\VC8\libgsl\x64\Debug-DLL\subset.obj
C:\gsl\src\gsl\1.8\gsl-1.8\VC8\libgsl\x64\Debug-DLL\subsetind.obj
C:\gsl\src\gsl\1.8\gsl-1.8\VC8\libgsl\x64\Debug-DLL\subvector.obj
C:\gsl\src\gsl\1.8\gsl-1.8\VC8\libgsl\x64\Debug-DLL\svd.obj
C:\gsl\src\gsl\1.8\gsl-1.8\VC8\libgsl\x64\Debug-DLL\swap.obj
C:\gsl\src\gsl\1.8\gsl-1.8\VC8\libgsl\x64\Debug-DLL\swap1.obj
C:\gsl\src\gsl\1.8\gsl-1.8\VC8\libgsl\x64\Debug-DLL\symm.obj
C:\gsl\src\gsl\1.8\gsl-1.8\VC8\libgsl\x64\Debug-DLL\symmtd.obj
C:\gsl\src\gsl\1.8\gsl-1.8\VC8\libgsl\x64\Debug-DLL\symmv.obj
C:\gsl\src\gsl\1.8\gsl-1.8\VC8\libgsl\x64\Debug-DLL\synchrotron.obj
C:\gsl\src\gsl\1.8\gsl-1.8\VC8\libgsl\x64\Debug-DLL\taus.obj
C:\gsl\src\gsl\1.8\gsl-1.8\VC8\libgsl\x64\Debug-DLL\taus113.obj
C:\gsl\src\gsl\1.8\gsl-1.8\VC8\libgsl\x64\Debug-DLL\tdist.obj
C:\gsl\src\gsl\1.8\gsl-1.8\VC8\libgsl\x64\Debug-DLL\tdist1.obj
C:\gsl\src\gsl\1.8\gsl-1.8\VC8\libgsl\x64\Debug-DLL\tdistinv.obj
C:\gsl\src\gsl\1.8\gsl-1.8\VC8\libgsl\x64\Debug-DLL\transport.obj
C:\gsl\src\gsl\1.8\gsl-1.8\VC8\libgsl\x64\Debug-DLL\transputer.obj
C:\gsl\src\gsl\1.8\gsl-1.8\VC8\libgsl\x64\Debug-DLL\tridiag.obj
C:\gsl\src\gsl\1.8\gsl-1.8\VC8\libgsl\x64\Debug-DLL\trig.obj
C:\gsl\src\gsl\1.8\gsl-1.8\VC8\libgsl\x64\Debug-DLL\tt.obj
C:\gsl\src\gsl\1.8\gsl-1.8\VC8\libgsl\x64\Debug-DLL\ttest.obj
C:\gsl\src\gsl\1.8\gsl-1.8\VC8\libgsl\x64\Debug-DLL\types.obj
C:\gsl\src\gsl\1.8\gsl-1.8\VC8\libgsl\x64\Debug-DLL\uni.obj
C:\gsl\src\gsl\1.8\gsl-1.8\VC8\libgsl\x64\Debug-DLL\uni32.obj
C:\gsl\src\gsl\1.8\gsl-1.8\VC8\libgsl\x64\Debug-DLL\variance.obj
C:\gsl\src\gsl\1.8\gsl-1.8\VC8\libgsl\x64\Debug-DLL\vax.obj
C:\gsl\src\gsl\1.8\gsl-1.8\VC8\libgsl\x64\Debug-DLL\vector.obj
C:\gsl\src\gsl\1.8\gsl-1.8\VC8\libgsl\x64\Debug-DLL\vector_bfgs.obj
C:\gsl\src\gsl\1.8\gsl-1.8\VC8\libgsl\x64\Debug-DLL\vegas.obj
C:\gsl\src\gsl\1.8\gsl-1.8\VC8\libgsl\x64\Debug-DLL\view.obj
C:\gsl\src\gsl\1.8\gsl-1.8\VC8\libgsl\x64\Debug-DLL\view1.obj
C:\gsl\src\gsl\1.8\gsl-1.8\VC8\libgsl\x64\Debug-DLL\wabsdev.obj
C:\gsl\src\gsl\1.8\gsl-1.8\VC8\libgsl\x64\Debug-DLL\waterman14.obj
C:\gsl\src\gsl\1.8\gsl-1.8\VC8\libgsl\x64\Debug-DLL\wavelet.obj
C:\gsl\src\gsl\1.8\gsl-1.8\VC8\libgsl\x64\Debug-DLL\weibull.obj
C:\gsl\src\gsl\1.8\gsl-1.8\VC8\libgsl\x64\Debug-DLL\weibull1.obj
C:\gsl\src\gsl\1.8\gsl-1.8\VC8\libgsl\x64\Debug-DLL\weibullinv.obj
C:\gsl\src\gsl\1.8\gsl-1.8\VC8\libgsl\x64\Debug-DLL\wkurtosis.obj
C:\gsl\src\gsl\1.8\gsl-1.8\VC8\libgsl\x64\Debug-DLL\wmean.obj
C:\gsl\src\gsl\1.8\gsl-1.8\VC8\libgsl\x64\Debug-DLL\work.obj
C:\gsl\src\gsl\1.8\gsl-1.8\VC8\libgsl\x64\Debug-DLL\workspace.obj
C:\gsl\src\gsl\1.8\gsl-1.8\VC8\libgsl\x64\Debug-DLL\work_u.obj
C:\gsl\src\gsl\1.8\gsl-1.8\VC8\libgsl\x64\Debug-DLL\work_utrunc.obj
C:\gsl\src\gsl\1.8\gsl-1.8\VC8\libgsl\x64\Debug-DLL\wskew.obj
C:\gsl\src\gsl\1.8\gsl-1.8\VC8\libgsl\x64\Debug-DLL\wvariance.obj
C:\gsl\src\gsl\1.8\gsl-1.8\VC8\libgsl\x64\Debug-DLL\zeta.obj
C:\gsl\src\gsl\1.8\gsl-1.8\VC8\libgsl\x64\Debug-DLL\zsolve.obj
C:\gsl\src\gsl\1.8\gsl-1.8\VC8\libgsl\x64\Debug-DLL\zsolve_cubic.obj
C:\gsl\src\gsl\1.8\gsl-1.8\VC8\libgsl\x64\Debug-DLL\zsolve_init.obj
C:\gsl\src\gsl\1.8\gsl-1.8\VC8\libgsl\x64\Debug-DLL\zsolve_quadratic.obj
C:\gsl\src\gsl\1.8\gsl-1.8\VC8\libgsl\x64\Debug-DLL\zuf.obj
C:\gsl\src\gsl\1.8\gsl-1.8\VC8\libgsl\x64\Debug-DLL\cl.command.1.tlog
C:\gsl\src\gsl\1.8\gsl-1.8\VC8\libgsl\x64\Debug-DLL\CL.read.1.tlog
C:\gsl\src\gsl\1.8\gsl-1.8\VC8\libgsl\x64\Debug-DLL\CL.write.1.tlog
C:\gsl\src\gsl\1.8\gsl-1.8\VC8\libgsl\x64\Debug-DLL\libgsl.write.1.tlog
C:\gsl\src\gsl\1.8\gsl-1.8\VC8\libgsl\x64\Debug-DLL\link-cvtres.read.1.tlog
C:\gsl\src\gsl\1.8\gsl-1.8\VC8\libgsl\x64\Debug-DLL\link-cvtres.write.1.tlog
C:\gsl\src\gsl\1.8\gsl-1.8\VC8\libgsl\x64\Debug-DLL\link-rc.read.1.tlog
C:\gsl\src\gsl\1.8\gsl-1.8\VC8\libgsl\x64\Debug-DLL\link-rc.write.1.tlog
C:\gsl\src\gsl\1.8\gsl-1.8\VC8\libgsl\x64\Debug-DLL\link.command.1.tlog
C:\gsl\src\gsl\1.8\gsl-1.8\VC8\libgsl\x64\Debug-DLL\link.read.1.tlog
C:\gsl\src\gsl\1.8\gsl-1.8\VC8\libgsl\x64\Debug-DLL\link.write.1.tlog
C:\gsl\src\gsl\1.8\gsl-1.8\VC8\libgsl\x64\Debug-DLL\vc110.pdb
