C:\GSL\SRC\GSL\1.8\GSL-1.8\VC8\LIBGSLCBLAS\DEBUG-DLL\ZHER.OBJ
C:\GSL\SRC\GSL\1.8\GSL-1.8\VC8\LIBGSLCBLAS\DEBUG-DLL\ZHER2.OBJ
C:\GSL\SRC\GSL\1.8\GSL-1.8\VC8\LIBGSLCBLAS\DEBUG-DLL\ZHER2K.OBJ
C:\GSL\SRC\GSL\1.8\GSL-1.8\VC8\LIBGSLCBLAS\DEBUG-DLL\ZHERK.OBJ
C:\GSL\SRC\GSL\1.8\GSL-1.8\VC8\LIBGSLCBLAS\DEBUG-DLL\ZHPMV.OBJ
C:\GSL\SRC\GSL\1.8\GSL-1.8\VC8\LIBGSLCBLAS\DEBUG-DLL\ZHPR.OBJ
C:\GSL\SRC\GSL\1.8\GSL-1.8\VC8\LIBGSLCBLAS\DEBUG-DLL\ZHPR2.OBJ
C:\GSL\SRC\GSL\1.8\GSL-1.8\VC8\LIBGSLCBLAS\DEBUG-DLL\ZSCAL.OBJ
C:\GSL\SRC\GSL\1.8\GSL-1.8\VC8\LIBGSLCBLAS\DEBUG-DLL\ZSWAP.OBJ
C:\GSL\SRC\GSL\1.8\GSL-1.8\VC8\LIBGSLCBLAS\DEBUG-DLL\ZSYMM.OBJ
C:\GSL\SRC\GSL\1.8\GSL-1.8\VC8\LIBGSLCBLAS\DEBUG-DLL\ZSYR2K.OBJ
C:\GSL\SRC\GSL\1.8\GSL-1.8\VC8\LIBGSLCBLAS\DEBUG-DLL\ZSYRK.OBJ
C:\GSL\SRC\GSL\1.8\GSL-1.8\VC8\LIBGSLCBLAS\DEBUG-DLL\ZTBMV.OBJ
C:\GSL\SRC\GSL\1.8\GSL-1.8\VC8\LIBGSLCBLAS\DEBUG-DLL\ZTBSV.OBJ
C:\GSL\SRC\GSL\1.8\GSL-1.8\VC8\LIBGSLCBLAS\DEBUG-DLL\ZTPMV.OBJ
C:\GSL\SRC\GSL\1.8\GSL-1.8\VC8\LIBGSLCBLAS\DEBUG-DLL\ZTPSV.OBJ
C:\GSL\SRC\GSL\1.8\GSL-1.8\VC8\LIBGSLCBLAS\DEBUG-DLL\ZTRMM.OBJ
C:\GSL\SRC\GSL\1.8\GSL-1.8\VC8\LIBGSLCBLAS\DEBUG-DLL\ZTRMV.OBJ
C:\GSL\SRC\GSL\1.8\GSL-1.8\VC8\LIBGSLCBLAS\DEBUG-DLL\ZTRSM.OBJ
C:\GSL\SRC\GSL\1.8\GSL-1.8\VC8\LIBGSLCBLAS\DEBUG-DLL\ZTRSV.OBJ
C:\GSL\SRC\GSL\1.8\GSL-1.8\VC8\LIBGSLCBLAS\DEBUG-DLL\STPMV.OBJ
C:\GSL\SRC\GSL\1.8\GSL-1.8\VC8\LIBGSLCBLAS\DEBUG-DLL\STPSV.OBJ
C:\GSL\SRC\GSL\1.8\GSL-1.8\VC8\LIBGSLCBLAS\DEBUG-DLL\STRMM.OBJ
C:\GSL\SRC\GSL\1.8\GSL-1.8\VC8\LIBGSLCBLAS\DEBUG-DLL\STRMV.OBJ
C:\GSL\SRC\GSL\1.8\GSL-1.8\VC8\LIBGSLCBLAS\DEBUG-DLL\STRSM.OBJ
C:\GSL\SRC\GSL\1.8\GSL-1.8\VC8\LIBGSLCBLAS\DEBUG-DLL\STRSV.OBJ
C:\GSL\SRC\GSL\1.8\GSL-1.8\VC8\LIBGSLCBLAS\DEBUG-DLL\XERBLA.OBJ
C:\GSL\SRC\GSL\1.8\GSL-1.8\VC8\LIBGSLCBLAS\DEBUG-DLL\ZAXPY.OBJ
C:\GSL\SRC\GSL\1.8\GSL-1.8\VC8\LIBGSLCBLAS\DEBUG-DLL\ZCOPY.OBJ
C:\GSL\SRC\GSL\1.8\GSL-1.8\VC8\LIBGSLCBLAS\DEBUG-DLL\ZDOTC_SUB.OBJ
C:\GSL\SRC\GSL\1.8\GSL-1.8\VC8\LIBGSLCBLAS\DEBUG-DLL\ZDOTU_SUB.OBJ
C:\GSL\SRC\GSL\1.8\GSL-1.8\VC8\LIBGSLCBLAS\DEBUG-DLL\ZDSCAL.OBJ
C:\GSL\SRC\GSL\1.8\GSL-1.8\VC8\LIBGSLCBLAS\DEBUG-DLL\ZGBMV.OBJ
C:\GSL\SRC\GSL\1.8\GSL-1.8\VC8\LIBGSLCBLAS\DEBUG-DLL\ZGEMM.OBJ
C:\GSL\SRC\GSL\1.8\GSL-1.8\VC8\LIBGSLCBLAS\DEBUG-DLL\ZGEMV.OBJ
C:\GSL\SRC\GSL\1.8\GSL-1.8\VC8\LIBGSLCBLAS\DEBUG-DLL\ZGERC.OBJ
C:\GSL\SRC\GSL\1.8\GSL-1.8\VC8\LIBGSLCBLAS\DEBUG-DLL\ZGERU.OBJ
C:\GSL\SRC\GSL\1.8\GSL-1.8\VC8\LIBGSLCBLAS\DEBUG-DLL\ZHBMV.OBJ
C:\GSL\SRC\GSL\1.8\GSL-1.8\VC8\LIBGSLCBLAS\DEBUG-DLL\ZHEMM.OBJ
C:\GSL\SRC\GSL\1.8\GSL-1.8\VC8\LIBGSLCBLAS\DEBUG-DLL\ZHEMV.OBJ
C:\GSL\SRC\GSL\1.8\GSL-1.8\VC8\LIBGSLCBLAS\DEBUG-DLL\SGER.OBJ
C:\GSL\SRC\GSL\1.8\GSL-1.8\VC8\LIBGSLCBLAS\DEBUG-DLL\SNRM2.OBJ
C:\GSL\SRC\GSL\1.8\GSL-1.8\VC8\LIBGSLCBLAS\DEBUG-DLL\SROT.OBJ
C:\GSL\SRC\GSL\1.8\GSL-1.8\VC8\LIBGSLCBLAS\DEBUG-DLL\SROTG.OBJ
C:\GSL\SRC\GSL\1.8\GSL-1.8\VC8\LIBGSLCBLAS\DEBUG-DLL\SROTM.OBJ
C:\GSL\SRC\GSL\1.8\GSL-1.8\VC8\LIBGSLCBLAS\DEBUG-DLL\SROTMG.OBJ
C:\GSL\SRC\GSL\1.8\GSL-1.8\VC8\LIBGSLCBLAS\DEBUG-DLL\SSBMV.OBJ
C:\GSL\SRC\GSL\1.8\GSL-1.8\VC8\LIBGSLCBLAS\DEBUG-DLL\SSCAL.OBJ
C:\GSL\SRC\GSL\1.8\GSL-1.8\VC8\LIBGSLCBLAS\DEBUG-DLL\SSPMV.OBJ
C:\GSL\SRC\GSL\1.8\GSL-1.8\VC8\LIBGSLCBLAS\DEBUG-DLL\SSPR.OBJ
C:\GSL\SRC\GSL\1.8\GSL-1.8\VC8\LIBGSLCBLAS\DEBUG-DLL\SSPR2.OBJ
C:\GSL\SRC\GSL\1.8\GSL-1.8\VC8\LIBGSLCBLAS\DEBUG-DLL\SSWAP.OBJ
C:\GSL\SRC\GSL\1.8\GSL-1.8\VC8\LIBGSLCBLAS\DEBUG-DLL\SSYMM.OBJ
C:\GSL\SRC\GSL\1.8\GSL-1.8\VC8\LIBGSLCBLAS\DEBUG-DLL\SSYMV.OBJ
C:\GSL\SRC\GSL\1.8\GSL-1.8\VC8\LIBGSLCBLAS\DEBUG-DLL\SSYR.OBJ
C:\GSL\SRC\GSL\1.8\GSL-1.8\VC8\LIBGSLCBLAS\DEBUG-DLL\SSYR2.OBJ
C:\GSL\SRC\GSL\1.8\GSL-1.8\VC8\LIBGSLCBLAS\DEBUG-DLL\SSYR2K.OBJ
C:\GSL\SRC\GSL\1.8\GSL-1.8\VC8\LIBGSLCBLAS\DEBUG-DLL\SSYRK.OBJ
C:\GSL\SRC\GSL\1.8\GSL-1.8\VC8\LIBGSLCBLAS\DEBUG-DLL\STBMV.OBJ
C:\GSL\SRC\GSL\1.8\GSL-1.8\VC8\LIBGSLCBLAS\DEBUG-DLL\STBSV.OBJ
C:\GSL\SRC\GSL\1.8\GSL-1.8\VC8\LIBGSLCBLAS\DEBUG-DLL\DTRMM.OBJ
C:\GSL\SRC\GSL\1.8\GSL-1.8\VC8\LIBGSLCBLAS\DEBUG-DLL\DTRMV.OBJ
C:\GSL\SRC\GSL\1.8\GSL-1.8\VC8\LIBGSLCBLAS\DEBUG-DLL\DTRSM.OBJ
C:\GSL\SRC\GSL\1.8\GSL-1.8\VC8\LIBGSLCBLAS\DEBUG-DLL\DTRSV.OBJ
C:\GSL\SRC\GSL\1.8\GSL-1.8\VC8\LIBGSLCBLAS\DEBUG-DLL\DZASUM.OBJ
C:\GSL\SRC\GSL\1.8\GSL-1.8\VC8\LIBGSLCBLAS\DEBUG-DLL\DZNRM2.OBJ
C:\GSL\SRC\GSL\1.8\GSL-1.8\VC8\LIBGSLCBLAS\DEBUG-DLL\ICAMAX.OBJ
C:\GSL\SRC\GSL\1.8\GSL-1.8\VC8\LIBGSLCBLAS\DEBUG-DLL\IDAMAX.OBJ
C:\GSL\SRC\GSL\1.8\GSL-1.8\VC8\LIBGSLCBLAS\DEBUG-DLL\ISAMAX.OBJ
C:\GSL\SRC\GSL\1.8\GSL-1.8\VC8\LIBGSLCBLAS\DEBUG-DLL\IZAMAX.OBJ
C:\GSL\SRC\GSL\1.8\GSL-1.8\VC8\LIBGSLCBLAS\DEBUG-DLL\SASUM.OBJ
C:\GSL\SRC\GSL\1.8\GSL-1.8\VC8\LIBGSLCBLAS\DEBUG-DLL\SAXPY.OBJ
C:\GSL\SRC\GSL\1.8\GSL-1.8\VC8\LIBGSLCBLAS\DEBUG-DLL\SCASUM.OBJ
C:\GSL\SRC\GSL\1.8\GSL-1.8\VC8\LIBGSLCBLAS\DEBUG-DLL\SCNRM2.OBJ
C:\GSL\SRC\GSL\1.8\GSL-1.8\VC8\LIBGSLCBLAS\DEBUG-DLL\SCOPY.OBJ
C:\GSL\SRC\GSL\1.8\GSL-1.8\VC8\LIBGSLCBLAS\DEBUG-DLL\SDOT.OBJ
C:\GSL\SRC\GSL\1.8\GSL-1.8\VC8\LIBGSLCBLAS\DEBUG-DLL\SDSDOT.OBJ
C:\GSL\SRC\GSL\1.8\GSL-1.8\VC8\LIBGSLCBLAS\DEBUG-DLL\SGBMV.OBJ
C:\GSL\SRC\GSL\1.8\GSL-1.8\VC8\LIBGSLCBLAS\DEBUG-DLL\SGEMM.OBJ
C:\GSL\SRC\GSL\1.8\GSL-1.8\VC8\LIBGSLCBLAS\DEBUG-DLL\SGEMV.OBJ
C:\GSL\SRC\GSL\1.8\GSL-1.8\VC8\LIBGSLCBLAS\DEBUG-DLL\DROTG.OBJ
C:\GSL\SRC\GSL\1.8\GSL-1.8\VC8\LIBGSLCBLAS\DEBUG-DLL\DROTM.OBJ
C:\GSL\SRC\GSL\1.8\GSL-1.8\VC8\LIBGSLCBLAS\DEBUG-DLL\DROTMG.OBJ
C:\GSL\SRC\GSL\1.8\GSL-1.8\VC8\LIBGSLCBLAS\DEBUG-DLL\DSBMV.OBJ
C:\GSL\SRC\GSL\1.8\GSL-1.8\VC8\LIBGSLCBLAS\DEBUG-DLL\DSCAL.OBJ
C:\GSL\SRC\GSL\1.8\GSL-1.8\VC8\LIBGSLCBLAS\DEBUG-DLL\DSDOT.OBJ
C:\GSL\SRC\GSL\1.8\GSL-1.8\VC8\LIBGSLCBLAS\DEBUG-DLL\DSPMV.OBJ
C:\GSL\SRC\GSL\1.8\GSL-1.8\VC8\LIBGSLCBLAS\DEBUG-DLL\DSPR.OBJ
C:\GSL\SRC\GSL\1.8\GSL-1.8\VC8\LIBGSLCBLAS\DEBUG-DLL\DSPR2.OBJ
C:\GSL\SRC\GSL\1.8\GSL-1.8\VC8\LIBGSLCBLAS\DEBUG-DLL\DSWAP.OBJ
C:\GSL\SRC\GSL\1.8\GSL-1.8\VC8\LIBGSLCBLAS\DEBUG-DLL\DSYMM.OBJ
C:\GSL\SRC\GSL\1.8\GSL-1.8\VC8\LIBGSLCBLAS\DEBUG-DLL\DSYMV.OBJ
C:\GSL\SRC\GSL\1.8\GSL-1.8\VC8\LIBGSLCBLAS\DEBUG-DLL\DSYR.OBJ
C:\GSL\SRC\GSL\1.8\GSL-1.8\VC8\LIBGSLCBLAS\DEBUG-DLL\DSYR2.OBJ
C:\GSL\SRC\GSL\1.8\GSL-1.8\VC8\LIBGSLCBLAS\DEBUG-DLL\DSYR2K.OBJ
C:\GSL\SRC\GSL\1.8\GSL-1.8\VC8\LIBGSLCBLAS\DEBUG-DLL\DSYRK.OBJ
C:\GSL\SRC\GSL\1.8\GSL-1.8\VC8\LIBGSLCBLAS\DEBUG-DLL\DTBMV.OBJ
C:\GSL\SRC\GSL\1.8\GSL-1.8\VC8\LIBGSLCBLAS\DEBUG-DLL\DTBSV.OBJ
C:\GSL\SRC\GSL\1.8\GSL-1.8\VC8\LIBGSLCBLAS\DEBUG-DLL\DTPMV.OBJ
C:\GSL\SRC\GSL\1.8\GSL-1.8\VC8\LIBGSLCBLAS\DEBUG-DLL\DTPSV.OBJ
C:\GSL\SRC\GSL\1.8\GSL-1.8\VC8\LIBGSLCBLAS\DEBUG-DLL\CSYR2K.OBJ
C:\GSL\SRC\GSL\1.8\GSL-1.8\VC8\LIBGSLCBLAS\DEBUG-DLL\CSYRK.OBJ
C:\GSL\SRC\GSL\1.8\GSL-1.8\VC8\LIBGSLCBLAS\DEBUG-DLL\CTBMV.OBJ
C:\GSL\SRC\GSL\1.8\GSL-1.8\VC8\LIBGSLCBLAS\DEBUG-DLL\CTBSV.OBJ
C:\GSL\SRC\GSL\1.8\GSL-1.8\VC8\LIBGSLCBLAS\DEBUG-DLL\CTPMV.OBJ
C:\GSL\SRC\GSL\1.8\GSL-1.8\VC8\LIBGSLCBLAS\DEBUG-DLL\CTPSV.OBJ
C:\GSL\SRC\GSL\1.8\GSL-1.8\VC8\LIBGSLCBLAS\DEBUG-DLL\CTRMM.OBJ
C:\GSL\SRC\GSL\1.8\GSL-1.8\VC8\LIBGSLCBLAS\DEBUG-DLL\CTRMV.OBJ
C:\GSL\SRC\GSL\1.8\GSL-1.8\VC8\LIBGSLCBLAS\DEBUG-DLL\CTRSM.OBJ
C:\GSL\SRC\GSL\1.8\GSL-1.8\VC8\LIBGSLCBLAS\DEBUG-DLL\CTRSV.OBJ
C:\GSL\SRC\GSL\1.8\GSL-1.8\VC8\LIBGSLCBLAS\DEBUG-DLL\DASUM.OBJ
C:\GSL\SRC\GSL\1.8\GSL-1.8\VC8\LIBGSLCBLAS\DEBUG-DLL\DAXPY.OBJ
C:\GSL\SRC\GSL\1.8\GSL-1.8\VC8\LIBGSLCBLAS\DEBUG-DLL\DCOPY.OBJ
C:\GSL\SRC\GSL\1.8\GSL-1.8\VC8\LIBGSLCBLAS\DEBUG-DLL\DDOT.OBJ
C:\GSL\SRC\GSL\1.8\GSL-1.8\VC8\LIBGSLCBLAS\DEBUG-DLL\DGBMV.OBJ
C:\GSL\SRC\GSL\1.8\GSL-1.8\VC8\LIBGSLCBLAS\DEBUG-DLL\DGEMM.OBJ
C:\GSL\SRC\GSL\1.8\GSL-1.8\VC8\LIBGSLCBLAS\DEBUG-DLL\DGEMV.OBJ
C:\GSL\SRC\GSL\1.8\GSL-1.8\VC8\LIBGSLCBLAS\DEBUG-DLL\DGER.OBJ
C:\GSL\SRC\GSL\1.8\GSL-1.8\VC8\LIBGSLCBLAS\DEBUG-DLL\DNRM2.OBJ
C:\GSL\SRC\GSL\1.8\GSL-1.8\VC8\LIBGSLCBLAS\DEBUG-DLL\DROT.OBJ
C:\GSL\SRC\GSL\1.8\GSL-1.8\VC8\LIBGSLCBLAS\DEBUG-DLL\CDOTU_SUB.OBJ
C:\GSL\SRC\GSL\1.8\GSL-1.8\VC8\LIBGSLCBLAS\DEBUG-DLL\CGBMV.OBJ
C:\GSL\SRC\GSL\1.8\GSL-1.8\VC8\LIBGSLCBLAS\DEBUG-DLL\CGEMM.OBJ
C:\GSL\SRC\GSL\1.8\GSL-1.8\VC8\LIBGSLCBLAS\DEBUG-DLL\CGEMV.OBJ
C:\GSL\SRC\GSL\1.8\GSL-1.8\VC8\LIBGSLCBLAS\DEBUG-DLL\CGERC.OBJ
C:\GSL\SRC\GSL\1.8\GSL-1.8\VC8\LIBGSLCBLAS\DEBUG-DLL\CGERU.OBJ
C:\GSL\SRC\GSL\1.8\GSL-1.8\VC8\LIBGSLCBLAS\DEBUG-DLL\CHBMV.OBJ
C:\GSL\SRC\GSL\1.8\GSL-1.8\VC8\LIBGSLCBLAS\DEBUG-DLL\CHEMM.OBJ
C:\GSL\SRC\GSL\1.8\GSL-1.8\VC8\LIBGSLCBLAS\DEBUG-DLL\CHEMV.OBJ
C:\GSL\SRC\GSL\1.8\GSL-1.8\VC8\LIBGSLCBLAS\DEBUG-DLL\CHER.OBJ
C:\GSL\SRC\GSL\1.8\GSL-1.8\VC8\LIBGSLCBLAS\DEBUG-DLL\CHER2.OBJ
C:\GSL\SRC\GSL\1.8\GSL-1.8\VC8\LIBGSLCBLAS\DEBUG-DLL\CHER2K.OBJ
C:\GSL\SRC\GSL\1.8\GSL-1.8\VC8\LIBGSLCBLAS\DEBUG-DLL\CHERK.OBJ
C:\GSL\SRC\GSL\1.8\GSL-1.8\VC8\LIBGSLCBLAS\DEBUG-DLL\CHPMV.OBJ
C:\GSL\SRC\GSL\1.8\GSL-1.8\VC8\LIBGSLCBLAS\DEBUG-DLL\CHPR.OBJ
C:\GSL\SRC\GSL\1.8\GSL-1.8\VC8\LIBGSLCBLAS\DEBUG-DLL\CHPR2.OBJ
C:\GSL\SRC\GSL\1.8\GSL-1.8\VC8\LIBGSLCBLAS\DEBUG-DLL\CSCAL.OBJ
C:\GSL\SRC\GSL\1.8\GSL-1.8\VC8\LIBGSLCBLAS\DEBUG-DLL\CSSCAL.OBJ
C:\GSL\SRC\GSL\1.8\GSL-1.8\VC8\LIBGSLCBLAS\DEBUG-DLL\CSWAP.OBJ
C:\GSL\SRC\GSL\1.8\GSL-1.8\VC8\LIBGSLCBLAS\DEBUG-DLL\CSYMM.OBJ
C:\GSL\SRC\GSL\1.8\GSL-1.8\VC8\LIBGSLCBLAS\DEBUG-DLL\CAXPY.OBJ
C:\GSL\SRC\GSL\1.8\GSL-1.8\VC8\LIBGSLCBLAS\DEBUG-DLL\CCOPY.OBJ
C:\GSL\SRC\GSL\1.8\GSL-1.8\VC8\LIBGSLCBLAS\DEBUG-DLL\CDOTC_SUB.OBJ
C:\GSL\SRC\GSL\1.8\GSL-1.8\VC8\LIBGSLCBLAS\DEBUG-DLL\VC110.PDB
C:\gsl\src\gsl\1.8\gsl-1.8\VC8\libgslcblas\Debug-DLL\libgslcblas_dll_d.lib
C:\gsl\src\gsl\1.8\gsl-1.8\VC8\libgslcblas\Debug-DLL\libgslcblas_dll_d.exp
C:\GSL\SRC\GSL\1.8\GSL-1.8\VC8\LIBGSLCBLAS\DEBUG-DLL\LIBGSLCBLAS_D.DLL
C:\gsl\src\gsl\1.8\gsl-1.8\VC8\libgslcblas\Debug-DLL\caxpy.obj
C:\gsl\src\gsl\1.8\gsl-1.8\VC8\libgslcblas\Debug-DLL\ccopy.obj
C:\gsl\src\gsl\1.8\gsl-1.8\VC8\libgslcblas\Debug-DLL\cdotc_sub.obj
C:\gsl\src\gsl\1.8\gsl-1.8\VC8\libgslcblas\Debug-DLL\cdotu_sub.obj
C:\gsl\src\gsl\1.8\gsl-1.8\VC8\libgslcblas\Debug-DLL\cgbmv.obj
C:\gsl\src\gsl\1.8\gsl-1.8\VC8\libgslcblas\Debug-DLL\cgemm.obj
C:\gsl\src\gsl\1.8\gsl-1.8\VC8\libgslcblas\Debug-DLL\cgemv.obj
C:\gsl\src\gsl\1.8\gsl-1.8\VC8\libgslcblas\Debug-DLL\cgerc.obj
C:\gsl\src\gsl\1.8\gsl-1.8\VC8\libgslcblas\Debug-DLL\cgeru.obj
C:\gsl\src\gsl\1.8\gsl-1.8\VC8\libgslcblas\Debug-DLL\chbmv.obj
C:\gsl\src\gsl\1.8\gsl-1.8\VC8\libgslcblas\Debug-DLL\chemm.obj
C:\gsl\src\gsl\1.8\gsl-1.8\VC8\libgslcblas\Debug-DLL\chemv.obj
C:\gsl\src\gsl\1.8\gsl-1.8\VC8\libgslcblas\Debug-DLL\cher.obj
C:\gsl\src\gsl\1.8\gsl-1.8\VC8\libgslcblas\Debug-DLL\cher2.obj
C:\gsl\src\gsl\1.8\gsl-1.8\VC8\libgslcblas\Debug-DLL\cher2k.obj
C:\gsl\src\gsl\1.8\gsl-1.8\VC8\libgslcblas\Debug-DLL\cherk.obj
C:\gsl\src\gsl\1.8\gsl-1.8\VC8\libgslcblas\Debug-DLL\chpmv.obj
C:\gsl\src\gsl\1.8\gsl-1.8\VC8\libgslcblas\Debug-DLL\chpr.obj
C:\gsl\src\gsl\1.8\gsl-1.8\VC8\libgslcblas\Debug-DLL\chpr2.obj
C:\gsl\src\gsl\1.8\gsl-1.8\VC8\libgslcblas\Debug-DLL\cscal.obj
C:\gsl\src\gsl\1.8\gsl-1.8\VC8\libgslcblas\Debug-DLL\csscal.obj
C:\gsl\src\gsl\1.8\gsl-1.8\VC8\libgslcblas\Debug-DLL\cswap.obj
C:\gsl\src\gsl\1.8\gsl-1.8\VC8\libgslcblas\Debug-DLL\csymm.obj
C:\gsl\src\gsl\1.8\gsl-1.8\VC8\libgslcblas\Debug-DLL\csyr2k.obj
C:\gsl\src\gsl\1.8\gsl-1.8\VC8\libgslcblas\Debug-DLL\csyrk.obj
C:\gsl\src\gsl\1.8\gsl-1.8\VC8\libgslcblas\Debug-DLL\ctbmv.obj
C:\gsl\src\gsl\1.8\gsl-1.8\VC8\libgslcblas\Debug-DLL\ctbsv.obj
C:\gsl\src\gsl\1.8\gsl-1.8\VC8\libgslcblas\Debug-DLL\ctpmv.obj
C:\gsl\src\gsl\1.8\gsl-1.8\VC8\libgslcblas\Debug-DLL\ctpsv.obj
C:\gsl\src\gsl\1.8\gsl-1.8\VC8\libgslcblas\Debug-DLL\ctrmm.obj
C:\gsl\src\gsl\1.8\gsl-1.8\VC8\libgslcblas\Debug-DLL\ctrmv.obj
C:\gsl\src\gsl\1.8\gsl-1.8\VC8\libgslcblas\Debug-DLL\ctrsm.obj
C:\gsl\src\gsl\1.8\gsl-1.8\VC8\libgslcblas\Debug-DLL\ctrsv.obj
C:\gsl\src\gsl\1.8\gsl-1.8\VC8\libgslcblas\Debug-DLL\dasum.obj
C:\gsl\src\gsl\1.8\gsl-1.8\VC8\libgslcblas\Debug-DLL\daxpy.obj
C:\gsl\src\gsl\1.8\gsl-1.8\VC8\libgslcblas\Debug-DLL\dcopy.obj
C:\gsl\src\gsl\1.8\gsl-1.8\VC8\libgslcblas\Debug-DLL\ddot.obj
C:\gsl\src\gsl\1.8\gsl-1.8\VC8\libgslcblas\Debug-DLL\dgbmv.obj
C:\gsl\src\gsl\1.8\gsl-1.8\VC8\libgslcblas\Debug-DLL\dgemm.obj
C:\gsl\src\gsl\1.8\gsl-1.8\VC8\libgslcblas\Debug-DLL\dgemv.obj
C:\gsl\src\gsl\1.8\gsl-1.8\VC8\libgslcblas\Debug-DLL\dger.obj
C:\gsl\src\gsl\1.8\gsl-1.8\VC8\libgslcblas\Debug-DLL\dnrm2.obj
C:\gsl\src\gsl\1.8\gsl-1.8\VC8\libgslcblas\Debug-DLL\drot.obj
C:\gsl\src\gsl\1.8\gsl-1.8\VC8\libgslcblas\Debug-DLL\drotg.obj
C:\gsl\src\gsl\1.8\gsl-1.8\VC8\libgslcblas\Debug-DLL\drotm.obj
C:\gsl\src\gsl\1.8\gsl-1.8\VC8\libgslcblas\Debug-DLL\drotmg.obj
C:\gsl\src\gsl\1.8\gsl-1.8\VC8\libgslcblas\Debug-DLL\dsbmv.obj
C:\gsl\src\gsl\1.8\gsl-1.8\VC8\libgslcblas\Debug-DLL\dscal.obj
C:\gsl\src\gsl\1.8\gsl-1.8\VC8\libgslcblas\Debug-DLL\dsdot.obj
C:\gsl\src\gsl\1.8\gsl-1.8\VC8\libgslcblas\Debug-DLL\dspmv.obj
C:\gsl\src\gsl\1.8\gsl-1.8\VC8\libgslcblas\Debug-DLL\dspr.obj
C:\gsl\src\gsl\1.8\gsl-1.8\VC8\libgslcblas\Debug-DLL\dspr2.obj
C:\gsl\src\gsl\1.8\gsl-1.8\VC8\libgslcblas\Debug-DLL\dswap.obj
C:\gsl\src\gsl\1.8\gsl-1.8\VC8\libgslcblas\Debug-DLL\dsymm.obj
C:\gsl\src\gsl\1.8\gsl-1.8\VC8\libgslcblas\Debug-DLL\dsymv.obj
C:\gsl\src\gsl\1.8\gsl-1.8\VC8\libgslcblas\Debug-DLL\dsyr.obj
C:\gsl\src\gsl\1.8\gsl-1.8\VC8\libgslcblas\Debug-DLL\dsyr2.obj
C:\gsl\src\gsl\1.8\gsl-1.8\VC8\libgslcblas\Debug-DLL\dsyr2k.obj
C:\gsl\src\gsl\1.8\gsl-1.8\VC8\libgslcblas\Debug-DLL\dsyrk.obj
C:\gsl\src\gsl\1.8\gsl-1.8\VC8\libgslcblas\Debug-DLL\dtbmv.obj
C:\gsl\src\gsl\1.8\gsl-1.8\VC8\libgslcblas\Debug-DLL\dtbsv.obj
C:\gsl\src\gsl\1.8\gsl-1.8\VC8\libgslcblas\Debug-DLL\dtpmv.obj
C:\gsl\src\gsl\1.8\gsl-1.8\VC8\libgslcblas\Debug-DLL\dtpsv.obj
C:\gsl\src\gsl\1.8\gsl-1.8\VC8\libgslcblas\Debug-DLL\dtrmm.obj
C:\gsl\src\gsl\1.8\gsl-1.8\VC8\libgslcblas\Debug-DLL\dtrmv.obj
C:\gsl\src\gsl\1.8\gsl-1.8\VC8\libgslcblas\Debug-DLL\dtrsm.obj
C:\gsl\src\gsl\1.8\gsl-1.8\VC8\libgslcblas\Debug-DLL\dtrsv.obj
C:\gsl\src\gsl\1.8\gsl-1.8\VC8\libgslcblas\Debug-DLL\dzasum.obj
C:\gsl\src\gsl\1.8\gsl-1.8\VC8\libgslcblas\Debug-DLL\dznrm2.obj
C:\gsl\src\gsl\1.8\gsl-1.8\VC8\libgslcblas\Debug-DLL\icamax.obj
C:\gsl\src\gsl\1.8\gsl-1.8\VC8\libgslcblas\Debug-DLL\idamax.obj
C:\gsl\src\gsl\1.8\gsl-1.8\VC8\libgslcblas\Debug-DLL\isamax.obj
C:\gsl\src\gsl\1.8\gsl-1.8\VC8\libgslcblas\Debug-DLL\izamax.obj
C:\gsl\src\gsl\1.8\gsl-1.8\VC8\libgslcblas\Debug-DLL\sasum.obj
C:\gsl\src\gsl\1.8\gsl-1.8\VC8\libgslcblas\Debug-DLL\saxpy.obj
C:\gsl\src\gsl\1.8\gsl-1.8\VC8\libgslcblas\Debug-DLL\scasum.obj
C:\gsl\src\gsl\1.8\gsl-1.8\VC8\libgslcblas\Debug-DLL\scnrm2.obj
C:\gsl\src\gsl\1.8\gsl-1.8\VC8\libgslcblas\Debug-DLL\scopy.obj
C:\gsl\src\gsl\1.8\gsl-1.8\VC8\libgslcblas\Debug-DLL\sdot.obj
C:\gsl\src\gsl\1.8\gsl-1.8\VC8\libgslcblas\Debug-DLL\sdsdot.obj
C:\gsl\src\gsl\1.8\gsl-1.8\VC8\libgslcblas\Debug-DLL\sgbmv.obj
C:\gsl\src\gsl\1.8\gsl-1.8\VC8\libgslcblas\Debug-DLL\sgemm.obj
C:\gsl\src\gsl\1.8\gsl-1.8\VC8\libgslcblas\Debug-DLL\sgemv.obj
C:\gsl\src\gsl\1.8\gsl-1.8\VC8\libgslcblas\Debug-DLL\sger.obj
C:\gsl\src\gsl\1.8\gsl-1.8\VC8\libgslcblas\Debug-DLL\snrm2.obj
C:\gsl\src\gsl\1.8\gsl-1.8\VC8\libgslcblas\Debug-DLL\srot.obj
C:\gsl\src\gsl\1.8\gsl-1.8\VC8\libgslcblas\Debug-DLL\srotg.obj
C:\gsl\src\gsl\1.8\gsl-1.8\VC8\libgslcblas\Debug-DLL\srotm.obj
C:\gsl\src\gsl\1.8\gsl-1.8\VC8\libgslcblas\Debug-DLL\srotmg.obj
C:\gsl\src\gsl\1.8\gsl-1.8\VC8\libgslcblas\Debug-DLL\ssbmv.obj
C:\gsl\src\gsl\1.8\gsl-1.8\VC8\libgslcblas\Debug-DLL\sscal.obj
C:\gsl\src\gsl\1.8\gsl-1.8\VC8\libgslcblas\Debug-DLL\sspmv.obj
C:\gsl\src\gsl\1.8\gsl-1.8\VC8\libgslcblas\Debug-DLL\sspr.obj
C:\gsl\src\gsl\1.8\gsl-1.8\VC8\libgslcblas\Debug-DLL\sspr2.obj
C:\gsl\src\gsl\1.8\gsl-1.8\VC8\libgslcblas\Debug-DLL\sswap.obj
C:\gsl\src\gsl\1.8\gsl-1.8\VC8\libgslcblas\Debug-DLL\ssymm.obj
C:\gsl\src\gsl\1.8\gsl-1.8\VC8\libgslcblas\Debug-DLL\ssymv.obj
C:\gsl\src\gsl\1.8\gsl-1.8\VC8\libgslcblas\Debug-DLL\ssyr.obj
C:\gsl\src\gsl\1.8\gsl-1.8\VC8\libgslcblas\Debug-DLL\ssyr2.obj
C:\gsl\src\gsl\1.8\gsl-1.8\VC8\libgslcblas\Debug-DLL\ssyr2k.obj
C:\gsl\src\gsl\1.8\gsl-1.8\VC8\libgslcblas\Debug-DLL\ssyrk.obj
C:\gsl\src\gsl\1.8\gsl-1.8\VC8\libgslcblas\Debug-DLL\stbmv.obj
C:\gsl\src\gsl\1.8\gsl-1.8\VC8\libgslcblas\Debug-DLL\stbsv.obj
C:\gsl\src\gsl\1.8\gsl-1.8\VC8\libgslcblas\Debug-DLL\stpmv.obj
C:\gsl\src\gsl\1.8\gsl-1.8\VC8\libgslcblas\Debug-DLL\stpsv.obj
C:\gsl\src\gsl\1.8\gsl-1.8\VC8\libgslcblas\Debug-DLL\strmm.obj
C:\gsl\src\gsl\1.8\gsl-1.8\VC8\libgslcblas\Debug-DLL\strmv.obj
C:\gsl\src\gsl\1.8\gsl-1.8\VC8\libgslcblas\Debug-DLL\strsm.obj
C:\gsl\src\gsl\1.8\gsl-1.8\VC8\libgslcblas\Debug-DLL\strsv.obj
C:\gsl\src\gsl\1.8\gsl-1.8\VC8\libgslcblas\Debug-DLL\xerbla.obj
C:\gsl\src\gsl\1.8\gsl-1.8\VC8\libgslcblas\Debug-DLL\zaxpy.obj
C:\gsl\src\gsl\1.8\gsl-1.8\VC8\libgslcblas\Debug-DLL\zcopy.obj
C:\gsl\src\gsl\1.8\gsl-1.8\VC8\libgslcblas\Debug-DLL\zdotc_sub.obj
C:\gsl\src\gsl\1.8\gsl-1.8\VC8\libgslcblas\Debug-DLL\zdotu_sub.obj
C:\gsl\src\gsl\1.8\gsl-1.8\VC8\libgslcblas\Debug-DLL\zdscal.obj
C:\gsl\src\gsl\1.8\gsl-1.8\VC8\libgslcblas\Debug-DLL\zgbmv.obj
C:\gsl\src\gsl\1.8\gsl-1.8\VC8\libgslcblas\Debug-DLL\zgemm.obj
C:\gsl\src\gsl\1.8\gsl-1.8\VC8\libgslcblas\Debug-DLL\zgemv.obj
C:\gsl\src\gsl\1.8\gsl-1.8\VC8\libgslcblas\Debug-DLL\zgerc.obj
C:\gsl\src\gsl\1.8\gsl-1.8\VC8\libgslcblas\Debug-DLL\zgeru.obj
C:\gsl\src\gsl\1.8\gsl-1.8\VC8\libgslcblas\Debug-DLL\zhbmv.obj
C:\gsl\src\gsl\1.8\gsl-1.8\VC8\libgslcblas\Debug-DLL\zhemm.obj
C:\gsl\src\gsl\1.8\gsl-1.8\VC8\libgslcblas\Debug-DLL\zhemv.obj
C:\gsl\src\gsl\1.8\gsl-1.8\VC8\libgslcblas\Debug-DLL\zher.obj
C:\gsl\src\gsl\1.8\gsl-1.8\VC8\libgslcblas\Debug-DLL\zher2.obj
C:\gsl\src\gsl\1.8\gsl-1.8\VC8\libgslcblas\Debug-DLL\zher2k.obj
C:\gsl\src\gsl\1.8\gsl-1.8\VC8\libgslcblas\Debug-DLL\zherk.obj
C:\gsl\src\gsl\1.8\gsl-1.8\VC8\libgslcblas\Debug-DLL\zhpmv.obj
C:\gsl\src\gsl\1.8\gsl-1.8\VC8\libgslcblas\Debug-DLL\zhpr.obj
C:\gsl\src\gsl\1.8\gsl-1.8\VC8\libgslcblas\Debug-DLL\zhpr2.obj
C:\gsl\src\gsl\1.8\gsl-1.8\VC8\libgslcblas\Debug-DLL\zscal.obj
C:\gsl\src\gsl\1.8\gsl-1.8\VC8\libgslcblas\Debug-DLL\zswap.obj
C:\gsl\src\gsl\1.8\gsl-1.8\VC8\libgslcblas\Debug-DLL\zsymm.obj
C:\gsl\src\gsl\1.8\gsl-1.8\VC8\libgslcblas\Debug-DLL\zsyr2k.obj
C:\gsl\src\gsl\1.8\gsl-1.8\VC8\libgslcblas\Debug-DLL\zsyrk.obj
C:\gsl\src\gsl\1.8\gsl-1.8\VC8\libgslcblas\Debug-DLL\ztbmv.obj
C:\gsl\src\gsl\1.8\gsl-1.8\VC8\libgslcblas\Debug-DLL\ztbsv.obj
C:\gsl\src\gsl\1.8\gsl-1.8\VC8\libgslcblas\Debug-DLL\ztpmv.obj
C:\gsl\src\gsl\1.8\gsl-1.8\VC8\libgslcblas\Debug-DLL\ztpsv.obj
C:\gsl\src\gsl\1.8\gsl-1.8\VC8\libgslcblas\Debug-DLL\ztrmm.obj
C:\gsl\src\gsl\1.8\gsl-1.8\VC8\libgslcblas\Debug-DLL\ztrmv.obj
C:\gsl\src\gsl\1.8\gsl-1.8\VC8\libgslcblas\Debug-DLL\ztrsm.obj
C:\gsl\src\gsl\1.8\gsl-1.8\VC8\libgslcblas\Debug-DLL\ztrsv.obj
C:\gsl\src\gsl\1.8\gsl-1.8\VC8\libgslcblas\Debug-DLL\cl.command.1.tlog
C:\gsl\src\gsl\1.8\gsl-1.8\VC8\libgslcblas\Debug-DLL\CL.read.1.tlog
C:\gsl\src\gsl\1.8\gsl-1.8\VC8\libgslcblas\Debug-DLL\CL.write.1.tlog
C:\gsl\src\gsl\1.8\gsl-1.8\VC8\libgslcblas\Debug-DLL\libgslcblas.write.1.tlog
C:\gsl\src\gsl\1.8\gsl-1.8\VC8\libgslcblas\Debug-DLL\link-cvtres.read.1.tlog
C:\gsl\src\gsl\1.8\gsl-1.8\VC8\libgslcblas\Debug-DLL\link-cvtres.write.1.tlog
C:\gsl\src\gsl\1.8\gsl-1.8\VC8\libgslcblas\Debug-DLL\link-rc.read.1.tlog
C:\gsl\src\gsl\1.8\gsl-1.8\VC8\libgslcblas\Debug-DLL\link-rc.write.1.tlog
C:\gsl\src\gsl\1.8\gsl-1.8\VC8\libgslcblas\Debug-DLL\link.command.1.tlog
C:\gsl\src\gsl\1.8\gsl-1.8\VC8\libgslcblas\Debug-DLL\link.read.1.tlog
C:\gsl\src\gsl\1.8\gsl-1.8\VC8\libgslcblas\Debug-DLL\link.write.1.tlog
C:\gsl\src\gsl\1.8\gsl-1.8\VC8\libgslcblas\Debug-DLL\vc110.idb
C:\gsl\src\gsl\1.8\gsl-1.8\VC8\libgslcblas\Debug-DLL\vc110.pdb
