C:\GSL\SRC\GSL\1.8\GSL-1.8\GSL\GSL_BLAS.H
C:\GSL\SRC\GSL\1.8\GSL-1.8\GSL\GSL_BLAS_TYPES.H
C:\GSL\SRC\GSL\1.8\GSL-1.8\GSL\GSL_BLOCK.H
C:\GSL\SRC\GSL\1.8\GSL-1.8\GSL\GSL_BLOCK_CHAR.H
C:\GSL\SRC\GSL\1.8\GSL-1.8\GSL\GSL_BLOCK_COMPLEX_DOUBLE.H
C:\GSL\SRC\GSL\1.8\GSL-1.8\GSL\GSL_BLOCK_COMPLEX_FLOAT.H
C:\GSL\SRC\GSL\1.8\GSL-1.8\GSL\GSL_BLOCK_COMPLEX_LONG_DOUBLE.H
C:\GSL\SRC\GSL\1.8\GSL-1.8\GSL\GSL_BLOCK_DOUBLE.H
C:\GSL\SRC\GSL\1.8\GSL-1.8\GSL\GSL_BLOCK_FLOAT.H
C:\GSL\SRC\GSL\1.8\GSL-1.8\GSL\GSL_BLOCK_INT.H
C:\GSL\SRC\GSL\1.8\GSL-1.8\GSL\GSL_BLOCK_LONG.H
C:\GSL\SRC\GSL\1.8\GSL-1.8\GSL\GSL_BLOCK_LONG_DOUBLE.H
C:\GSL\SRC\GSL\1.8\GSL-1.8\GSL\GSL_BLOCK_SHORT.H
C:\GSL\SRC\GSL\1.8\GSL-1.8\GSL\GSL_BLOCK_UCHAR.H
C:\GSL\SRC\GSL\1.8\GSL-1.8\GSL\GSL_BLOCK_UINT.H
C:\GSL\SRC\GSL\1.8\GSL-1.8\GSL\GSL_BLOCK_ULONG.H
C:\GSL\SRC\GSL\1.8\GSL-1.8\GSL\GSL_BLOCK_USHORT.H
C:\GSL\SRC\GSL\1.8\GSL-1.8\GSL\GSL_CBLAS.H
C:\GSL\SRC\GSL\1.8\GSL-1.8\GSL\GSL_CDF.H
C:\GSL\SRC\GSL\1.8\GSL-1.8\GSL\GSL_CHEBYSHEV.H
C:\GSL\SRC\GSL\1.8\GSL-1.8\GSL\GSL_CHECK_RANGE.H
C:\GSL\SRC\GSL\1.8\GSL-1.8\GSL\GSL_COMBINATION.H
C:\GSL\SRC\GSL\1.8\GSL-1.8\GSL\GSL_COMPLEX.H
C:\GSL\SRC\GSL\1.8\GSL-1.8\GSL\GSL_COMPLEX_MATH.H
C:\GSL\SRC\GSL\1.8\GSL-1.8\GSL\GSL_CONST.H
C:\GSL\SRC\GSL\1.8\GSL-1.8\GSL\GSL_CONST_CGS.H
C:\GSL\SRC\GSL\1.8\GSL-1.8\GSL\GSL_CONST_CGSM.H
C:\GSL\SRC\GSL\1.8\GSL-1.8\GSL\GSL_CONST_MKS.H
C:\GSL\SRC\GSL\1.8\GSL-1.8\GSL\GSL_CONST_MKSA.H
C:\GSL\SRC\GSL\1.8\GSL-1.8\GSL\GSL_CONST_NUM.H
C:\GSL\SRC\GSL\1.8\GSL-1.8\GSL\GSL_DERIV.H
C:\GSL\SRC\GSL\1.8\GSL-1.8\GSL\GSL_DFT_COMPLEX.H
C:\GSL\SRC\GSL\1.8\GSL-1.8\GSL\GSL_DFT_COMPLEX_FLOAT.H
C:\GSL\SRC\GSL\1.8\GSL-1.8\GSL\GSL_DHT.H
C:\GSL\SRC\GSL\1.8\GSL-1.8\GSL\GSL_DIFF.H
C:\GSL\SRC\GSL\1.8\GSL-1.8\GSL\GSL_EIGEN.H
C:\GSL\SRC\GSL\1.8\GSL-1.8\GSL\GSL_ERRNO.H
C:\GSL\SRC\GSL\1.8\GSL-1.8\GSL\GSL_FFT.H
C:\GSL\SRC\GSL\1.8\GSL-1.8\GSL\GSL_FFT_COMPLEX.H
C:\GSL\SRC\GSL\1.8\GSL-1.8\GSL\GSL_FFT_COMPLEX_FLOAT.H
C:\GSL\SRC\GSL\1.8\GSL-1.8\GSL\GSL_FFT_HALFCOMPLEX.H
C:\GSL\SRC\GSL\1.8\GSL-1.8\GSL\GSL_FFT_HALFCOMPLEX_FLOAT.H
C:\GSL\SRC\GSL\1.8\GSL-1.8\GSL\GSL_FFT_REAL.H
C:\GSL\SRC\GSL\1.8\GSL-1.8\GSL\GSL_FFT_REAL_FLOAT.H
C:\GSL\SRC\GSL\1.8\GSL-1.8\GSL\GSL_FIT.H
C:\GSL\SRC\GSL\1.8\GSL-1.8\GSL\GSL_HEAPSORT.H
C:\GSL\SRC\GSL\1.8\GSL-1.8\GSL\GSL_HISTOGRAM.H
C:\GSL\SRC\GSL\1.8\GSL-1.8\GSL\GSL_HISTOGRAM2D.H
C:\GSL\SRC\GSL\1.8\GSL-1.8\GSL\GSL_IEEE_UTILS.H
C:\GSL\SRC\GSL\1.8\GSL-1.8\GSL\GSL_INTEGRATION.H
C:\GSL\SRC\GSL\1.8\GSL-1.8\GSL\GSL_INTERP.H
C:\GSL\SRC\GSL\1.8\GSL-1.8\GSL\GSL_LINALG.H
C:\GSL\SRC\GSL\1.8\GSL-1.8\GSL\GSL_MACHINE.H
C:\GSL\SRC\GSL\1.8\GSL-1.8\GSL\GSL_MATH.H
C:\GSL\SRC\GSL\1.8\GSL-1.8\GSL\GSL_MATRIX.H
C:\GSL\SRC\GSL\1.8\GSL-1.8\GSL\GSL_MATRIX_CHAR.H
C:\GSL\SRC\GSL\1.8\GSL-1.8\GSL\GSL_MATRIX_COMPLEX_DOUBLE.H
C:\GSL\SRC\GSL\1.8\GSL-1.8\GSL\GSL_MATRIX_COMPLEX_FLOAT.H
C:\GSL\SRC\GSL\1.8\GSL-1.8\GSL\GSL_MATRIX_COMPLEX_LONG_DOUBLE.H
C:\GSL\SRC\GSL\1.8\GSL-1.8\GSL\GSL_MATRIX_DOUBLE.H
C:\GSL\SRC\GSL\1.8\GSL-1.8\GSL\GSL_MATRIX_FLOAT.H
C:\GSL\SRC\GSL\1.8\GSL-1.8\GSL\GSL_MATRIX_INT.H
C:\GSL\SRC\GSL\1.8\GSL-1.8\GSL\GSL_MATRIX_LONG.H
C:\GSL\SRC\GSL\1.8\GSL-1.8\GSL\GSL_MATRIX_LONG_DOUBLE.H
C:\GSL\SRC\GSL\1.8\GSL-1.8\GSL\GSL_MATRIX_SHORT.H
C:\GSL\SRC\GSL\1.8\GSL-1.8\GSL\GSL_MATRIX_UCHAR.H
C:\GSL\SRC\GSL\1.8\GSL-1.8\GSL\GSL_MATRIX_UINT.H
C:\GSL\SRC\GSL\1.8\GSL-1.8\GSL\GSL_MATRIX_ULONG.H
C:\GSL\SRC\GSL\1.8\GSL-1.8\GSL\GSL_MATRIX_USHORT.H
C:\GSL\SRC\GSL\1.8\GSL-1.8\GSL\GSL_MESSAGE.H
C:\GSL\SRC\GSL\1.8\GSL-1.8\GSL\GSL_MIN.H
C:\GSL\SRC\GSL\1.8\GSL-1.8\GSL\GSL_MODE.H
C:\GSL\SRC\GSL\1.8\GSL-1.8\GSL\GSL_MONTE.H
C:\GSL\SRC\GSL\1.8\GSL-1.8\GSL\GSL_MONTE_MISER.H
C:\GSL\SRC\GSL\1.8\GSL-1.8\GSL\GSL_MONTE_PLAIN.H
C:\GSL\SRC\GSL\1.8\GSL-1.8\GSL\GSL_MONTE_VEGAS.H
C:\GSL\SRC\GSL\1.8\GSL-1.8\GSL\GSL_MULTIFIT.H
C:\GSL\SRC\GSL\1.8\GSL-1.8\GSL\GSL_MULTIFIT_NLIN.H
C:\GSL\SRC\GSL\1.8\GSL-1.8\GSL\GSL_MULTIMIN.H
C:\GSL\SRC\GSL\1.8\GSL-1.8\GSL\GSL_MULTIROOTS.H
C:\GSL\SRC\GSL\1.8\GSL-1.8\GSL\GSL_NAN.H
C:\GSL\SRC\GSL\1.8\GSL-1.8\GSL\GSL_NTUPLE.H
C:\GSL\SRC\GSL\1.8\GSL-1.8\GSL\GSL_ODEIV.H
C:\GSL\SRC\GSL\1.8\GSL-1.8\GSL\GSL_PERMUTATION.H
C:\GSL\SRC\GSL\1.8\GSL-1.8\GSL\GSL_PERMUTE.H
C:\GSL\SRC\GSL\1.8\GSL-1.8\GSL\GSL_PERMUTE_CHAR.H
C:\GSL\SRC\GSL\1.8\GSL-1.8\GSL\GSL_PERMUTE_COMPLEX_DOUBLE.H
C:\GSL\SRC\GSL\1.8\GSL-1.8\GSL\GSL_PERMUTE_COMPLEX_FLOAT.H
C:\GSL\SRC\GSL\1.8\GSL-1.8\GSL\GSL_PERMUTE_COMPLEX_LONG_DOUBLE.H
C:\GSL\SRC\GSL\1.8\GSL-1.8\GSL\GSL_PERMUTE_DOUBLE.H
C:\GSL\SRC\GSL\1.8\GSL-1.8\GSL\GSL_PERMUTE_FLOAT.H
C:\GSL\SRC\GSL\1.8\GSL-1.8\GSL\GSL_PERMUTE_INT.H
C:\GSL\SRC\GSL\1.8\GSL-1.8\GSL\GSL_PERMUTE_LONG.H
C:\GSL\SRC\GSL\1.8\GSL-1.8\GSL\GSL_PERMUTE_LONG_DOUBLE.H
C:\GSL\SRC\GSL\1.8\GSL-1.8\GSL\GSL_PERMUTE_SHORT.H
C:\GSL\SRC\GSL\1.8\GSL-1.8\GSL\GSL_PERMUTE_UCHAR.H
C:\GSL\SRC\GSL\1.8\GSL-1.8\GSL\GSL_PERMUTE_UINT.H
C:\GSL\SRC\GSL\1.8\GSL-1.8\GSL\GSL_PERMUTE_ULONG.H
C:\GSL\SRC\GSL\1.8\GSL-1.8\GSL\GSL_PERMUTE_USHORT.H
C:\GSL\SRC\GSL\1.8\GSL-1.8\GSL\GSL_PERMUTE_VECTOR.H
C:\GSL\SRC\GSL\1.8\GSL-1.8\GSL\GSL_PERMUTE_VECTOR_CHAR.H
C:\GSL\SRC\GSL\1.8\GSL-1.8\GSL\GSL_PERMUTE_VECTOR_COMPLEX_DOUBLE.H
C:\GSL\SRC\GSL\1.8\GSL-1.8\GSL\GSL_PERMUTE_VECTOR_COMPLEX_FLOAT.H
C:\GSL\SRC\GSL\1.8\GSL-1.8\GSL\GSL_PERMUTE_VECTOR_COMPLEX_LONG_DOUBLE.H
C:\GSL\SRC\GSL\1.8\GSL-1.8\GSL\GSL_PERMUTE_VECTOR_DOUBLE.H
C:\GSL\SRC\GSL\1.8\GSL-1.8\GSL\GSL_PERMUTE_VECTOR_FLOAT.H
C:\GSL\SRC\GSL\1.8\GSL-1.8\GSL\GSL_PERMUTE_VECTOR_INT.H
C:\GSL\SRC\GSL\1.8\GSL-1.8\GSL\GSL_PERMUTE_VECTOR_LONG.H
C:\GSL\SRC\GSL\1.8\GSL-1.8\GSL\GSL_PERMUTE_VECTOR_LONG_DOUBLE.H
C:\GSL\SRC\GSL\1.8\GSL-1.8\GSL\GSL_PERMUTE_VECTOR_SHORT.H
C:\GSL\SRC\GSL\1.8\GSL-1.8\GSL\GSL_PERMUTE_VECTOR_UCHAR.H
C:\GSL\SRC\GSL\1.8\GSL-1.8\GSL\GSL_PERMUTE_VECTOR_UINT.H
C:\GSL\SRC\GSL\1.8\GSL-1.8\GSL\GSL_PERMUTE_VECTOR_ULONG.H
C:\GSL\SRC\GSL\1.8\GSL-1.8\GSL\GSL_PERMUTE_VECTOR_USHORT.H
C:\GSL\SRC\GSL\1.8\GSL-1.8\GSL\GSL_POLY.H
C:\GSL\SRC\GSL\1.8\GSL-1.8\GSL\GSL_POW_INT.H
C:\GSL\SRC\GSL\1.8\GSL-1.8\GSL\GSL_PRECISION.H
C:\GSL\SRC\GSL\1.8\GSL-1.8\GSL\GSL_QRNG.H
C:\GSL\SRC\GSL\1.8\GSL-1.8\GSL\GSL_RANDIST.H
C:\GSL\SRC\GSL\1.8\GSL-1.8\GSL\GSL_RNG.H
C:\GSL\SRC\GSL\1.8\GSL-1.8\GSL\GSL_ROOTS.H
C:\GSL\SRC\GSL\1.8\GSL-1.8\GSL\GSL_SF.H
C:\GSL\SRC\GSL\1.8\GSL-1.8\GSL\GSL_SF_AIRY.H
C:\GSL\SRC\GSL\1.8\GSL-1.8\GSL\GSL_SF_BESSEL.H
C:\GSL\SRC\GSL\1.8\GSL-1.8\GSL\GSL_SF_CLAUSEN.H
C:\GSL\SRC\GSL\1.8\GSL-1.8\GSL\GSL_SF_COULOMB.H
C:\GSL\SRC\GSL\1.8\GSL-1.8\GSL\GSL_SF_COUPLING.H
C:\GSL\SRC\GSL\1.8\GSL-1.8\GSL\GSL_SF_DAWSON.H
C:\GSL\SRC\GSL\1.8\GSL-1.8\GSL\GSL_SF_DEBYE.H
C:\GSL\SRC\GSL\1.8\GSL-1.8\GSL\GSL_SF_DILOG.H
C:\GSL\SRC\GSL\1.8\GSL-1.8\GSL\GSL_SF_ELEMENTARY.H
C:\GSL\SRC\GSL\1.8\GSL-1.8\GSL\GSL_SF_ELLINT.H
C:\GSL\SRC\GSL\1.8\GSL-1.8\GSL\GSL_SF_ELLJAC.H
C:\GSL\SRC\GSL\1.8\GSL-1.8\GSL\GSL_SF_ERF.H
C:\GSL\SRC\GSL\1.8\GSL-1.8\GSL\GSL_SF_EXP.H
C:\GSL\SRC\GSL\1.8\GSL-1.8\GSL\GSL_SF_EXPINT.H
C:\GSL\SRC\GSL\1.8\GSL-1.8\GSL\GSL_SF_FERMI_DIRAC.H
C:\GSL\SRC\GSL\1.8\GSL-1.8\GSL\GSL_SF_GAMMA.H
C:\GSL\SRC\GSL\1.8\GSL-1.8\GSL\GSL_SF_GEGENBAUER.H
C:\GSL\SRC\GSL\1.8\GSL-1.8\GSL\GSL_SF_HYPERG.H
C:\GSL\SRC\GSL\1.8\GSL-1.8\GSL\GSL_SF_LAGUERRE.H
C:\GSL\SRC\GSL\1.8\GSL-1.8\GSL\GSL_SF_LAMBERT.H
C:\GSL\SRC\GSL\1.8\GSL-1.8\GSL\GSL_SF_LEGENDRE.H
C:\GSL\SRC\GSL\1.8\GSL-1.8\GSL\GSL_SF_LOG.H
C:\GSL\SRC\GSL\1.8\GSL-1.8\GSL\GSL_SF_POW_INT.H
C:\GSL\SRC\GSL\1.8\GSL-1.8\GSL\GSL_SF_PSI.H
C:\GSL\SRC\GSL\1.8\GSL-1.8\GSL\GSL_SF_RESULT.H
C:\GSL\SRC\GSL\1.8\GSL-1.8\GSL\GSL_SF_SYNCHROTRON.H
C:\GSL\SRC\GSL\1.8\GSL-1.8\GSL\GSL_SF_TRANSPORT.H
C:\GSL\SRC\GSL\1.8\GSL-1.8\GSL\GSL_SF_TRIG.H
C:\GSL\SRC\GSL\1.8\GSL-1.8\GSL\GSL_SF_ZETA.H
C:\GSL\SRC\GSL\1.8\GSL-1.8\GSL\GSL_SIMAN.H
C:\GSL\SRC\GSL\1.8\GSL-1.8\GSL\GSL_SORT.H
C:\GSL\SRC\GSL\1.8\GSL-1.8\GSL\GSL_SORT_CHAR.H
C:\GSL\SRC\GSL\1.8\GSL-1.8\GSL\GSL_SORT_DOUBLE.H
C:\GSL\SRC\GSL\1.8\GSL-1.8\GSL\GSL_SORT_FLOAT.H
C:\GSL\SRC\GSL\1.8\GSL-1.8\GSL\GSL_SORT_INT.H
C:\GSL\SRC\GSL\1.8\GSL-1.8\GSL\GSL_SORT_LONG.H
C:\GSL\SRC\GSL\1.8\GSL-1.8\GSL\GSL_SORT_LONG_DOUBLE.H
C:\GSL\SRC\GSL\1.8\GSL-1.8\GSL\GSL_SORT_SHORT.H
C:\GSL\SRC\GSL\1.8\GSL-1.8\GSL\GSL_SORT_UCHAR.H
C:\GSL\SRC\GSL\1.8\GSL-1.8\GSL\GSL_SORT_UINT.H
C:\GSL\SRC\GSL\1.8\GSL-1.8\GSL\GSL_SORT_ULONG.H
C:\GSL\SRC\GSL\1.8\GSL-1.8\GSL\GSL_SORT_USHORT.H
C:\GSL\SRC\GSL\1.8\GSL-1.8\GSL\GSL_SORT_VECTOR.H
C:\GSL\SRC\GSL\1.8\GSL-1.8\GSL\GSL_SORT_VECTOR_CHAR.H
C:\GSL\SRC\GSL\1.8\GSL-1.8\GSL\GSL_SORT_VECTOR_DOUBLE.H
C:\GSL\SRC\GSL\1.8\GSL-1.8\GSL\GSL_SORT_VECTOR_FLOAT.H
C:\GSL\SRC\GSL\1.8\GSL-1.8\GSL\GSL_SORT_VECTOR_INT.H
C:\GSL\SRC\GSL\1.8\GSL-1.8\GSL\GSL_SORT_VECTOR_LONG.H
C:\GSL\SRC\GSL\1.8\GSL-1.8\GSL\GSL_SORT_VECTOR_LONG_DOUBLE.H
C:\GSL\SRC\GSL\1.8\GSL-1.8\GSL\GSL_SORT_VECTOR_SHORT.H
C:\GSL\SRC\GSL\1.8\GSL-1.8\GSL\GSL_SORT_VECTOR_UCHAR.H
C:\GSL\SRC\GSL\1.8\GSL-1.8\GSL\GSL_SORT_VECTOR_UINT.H
C:\GSL\SRC\GSL\1.8\GSL-1.8\GSL\GSL_SORT_VECTOR_ULONG.H
C:\GSL\SRC\GSL\1.8\GSL-1.8\GSL\GSL_SORT_VECTOR_USHORT.H
C:\GSL\SRC\GSL\1.8\GSL-1.8\GSL\GSL_SPECFUNC.H
C:\GSL\SRC\GSL\1.8\GSL-1.8\GSL\GSL_SPLINE.H
C:\GSL\SRC\GSL\1.8\GSL-1.8\GSL\GSL_STATISTICS.H
C:\GSL\SRC\GSL\1.8\GSL-1.8\GSL\GSL_STATISTICS_CHAR.H
C:\GSL\SRC\GSL\1.8\GSL-1.8\GSL\GSL_STATISTICS_DOUBLE.H
C:\GSL\SRC\GSL\1.8\GSL-1.8\GSL\GSL_STATISTICS_FLOAT.H
C:\GSL\SRC\GSL\1.8\GSL-1.8\GSL\GSL_STATISTICS_INT.H
C:\GSL\SRC\GSL\1.8\GSL-1.8\GSL\GSL_STATISTICS_LONG.H
C:\GSL\SRC\GSL\1.8\GSL-1.8\GSL\GSL_STATISTICS_LONG_DOUBLE.H
C:\GSL\SRC\GSL\1.8\GSL-1.8\GSL\GSL_STATISTICS_SHORT.H
C:\GSL\SRC\GSL\1.8\GSL-1.8\GSL\GSL_STATISTICS_UCHAR.H
C:\GSL\SRC\GSL\1.8\GSL-1.8\GSL\GSL_STATISTICS_UINT.H
C:\GSL\SRC\GSL\1.8\GSL-1.8\GSL\GSL_STATISTICS_ULONG.H
C:\GSL\SRC\GSL\1.8\GSL-1.8\GSL\GSL_STATISTICS_USHORT.H
C:\GSL\SRC\GSL\1.8\GSL-1.8\GSL\GSL_SUM.H
C:\GSL\SRC\GSL\1.8\GSL-1.8\GSL\GSL_SYS.H
C:\GSL\SRC\GSL\1.8\GSL-1.8\GSL\GSL_TEST.H
C:\GSL\SRC\GSL\1.8\GSL-1.8\GSL\GSL_TYPES.H
C:\GSL\SRC\GSL\1.8\GSL-1.8\GSL\GSL_VECTOR.H
C:\GSL\SRC\GSL\1.8\GSL-1.8\GSL\GSL_VECTOR_CHAR.H
C:\GSL\SRC\GSL\1.8\GSL-1.8\GSL\GSL_VECTOR_COMPLEX.H
C:\GSL\SRC\GSL\1.8\GSL-1.8\GSL\GSL_VECTOR_COMPLEX_DOUBLE.H
C:\GSL\SRC\GSL\1.8\GSL-1.8\GSL\GSL_VECTOR_COMPLEX_FLOAT.H
C:\GSL\SRC\GSL\1.8\GSL-1.8\GSL\GSL_VECTOR_COMPLEX_LONG_DOUBLE.H
C:\GSL\SRC\GSL\1.8\GSL-1.8\GSL\GSL_VECTOR_DOUBLE.H
C:\GSL\SRC\GSL\1.8\GSL-1.8\GSL\GSL_VECTOR_FLOAT.H
C:\GSL\SRC\GSL\1.8\GSL-1.8\GSL\GSL_VECTOR_INT.H
C:\GSL\SRC\GSL\1.8\GSL-1.8\GSL\GSL_VECTOR_LONG.H
C:\GSL\SRC\GSL\1.8\GSL-1.8\GSL\GSL_VECTOR_LONG_DOUBLE.H
C:\GSL\SRC\GSL\1.8\GSL-1.8\GSL\GSL_VECTOR_SHORT.H
C:\GSL\SRC\GSL\1.8\GSL-1.8\GSL\GSL_VECTOR_UCHAR.H
C:\GSL\SRC\GSL\1.8\GSL-1.8\GSL\GSL_VECTOR_UINT.H
C:\GSL\SRC\GSL\1.8\GSL-1.8\GSL\GSL_VECTOR_ULONG.H
C:\GSL\SRC\GSL\1.8\GSL-1.8\GSL\GSL_VECTOR_USHORT.H
C:\GSL\SRC\GSL\1.8\GSL-1.8\GSL\GSL_VERSION.H
C:\GSL\SRC\GSL\1.8\GSL-1.8\GSL\GSL_WAVELET.H
C:\GSL\SRC\GSL\1.8\GSL-1.8\GSL\GSL_WAVELET2D.H
C:\gsl\src\gsl\1.8\gsl-1.8\VC8\copy_gsl_headers\Debug-DLL\custombuild.command.1.tlog
C:\gsl\src\gsl\1.8\gsl-1.8\VC8\copy_gsl_headers\Debug-DLL\custombuild.read.1.tlog
C:\gsl\src\gsl\1.8\gsl-1.8\VC8\copy_gsl_headers\Debug-DLL\custombuild.write.1.tlog
